<?xml version="1.0" encoding="utf-8"?><testsuites name="pytest tests"><testsuite name="pytest" errors="0" failures="0" skipped="0" tests="11" time="14.534" timestamp="2026-03-22T06:47:16.630180+00:00" hostname="agent-env-2dea1df6-fcd1-4339-bd6f-816347cab630"><testcase classname="backend.tests.test_iteration39_clear_txn_benefits.TestClearAllTransactions" name="test_clear_all_transactions_endpoint_exists" time="2.677" /><testcase classname="backend.tests.test_iteration39_clear_txn_benefits.TestClearAllTransactions" name="test_clear_all_transactions_delete" time="0.049" /><testcase classname="backend.tests.test_iteration39_clear_txn_benefits.TestClearAllTransactions" name="test_verify_transactions_cleared" time="0.045" /><testcase classname="backend.tests.test_iteration39_clear_txn_benefits.TestClearAllTransactions" name="test_verify_bank_accounts_cleared" time="0.044" /><testcase classname="backend.tests.test_iteration39_clear_txn_benefits.TestCreditCardBenefits" name="test_get_all_benefits_endpoint" time="0.048" /><testcase classname="backend.tests.test_iteration39_clear_txn_benefits.TestCreditCardBenefits" name="test_get_credit_cards_list" time="0.048" /><testcase classname="backend.tests.test_iteration39_clear_txn_benefits.TestCreditCardBenefits" name="test_get_card_benefits_for_existing_card" time="0.092" /><testcase classname="backend.tests.test_iteration39_clear_txn_benefits.TestCreditCardBenefits" name="test_get_benefits_for_nonexistent_card" time="0.050" /><testcase classname="backend.tests.test_iteration39_clear_txn_benefits.TestCreditCardCRUD" name="test_create_credit_card_for_benefits_test" time="0.097" /><testcase classname="backend.tests.test_iteration39_clear_txn_benefits.TestCreditCardCRUD" name="test_fetch_benefits_for_new_card" time="11.206" /><testcase classname="backend.tests.test_iteration39_clear_txn_benefits.TestCleanup" name="test_cleanup_test_card" time="0.094" /></testsuite></testsuites>