<?xml version="1.0" encoding="utf-8"?><testsuites name="pytest tests"><testsuite name="pytest" errors="0" failures="0" skipped="0" tests="26" time="4.690" timestamp="2026-04-05T07:49:26.133838+00:00" hostname="agent-env-aeb7afff-dde1-4a75-8cbe-433a19adabb5"><testcase classname="tests.test_visor_ai_p2_features.TestAuth" name="test_login_success" time="0.388" /><testcase classname="tests.test_visor_ai_p2_features.TestMorningBrief" name="test_morning_brief_get" time="0.442" /><testcase classname="tests.test_visor_ai_p2_features.TestMorningBrief" name="test_morning_brief_refresh" time="0.117" /><testcase classname="tests.test_visor_ai_p2_features.TestMorningBrief" name="test_morning_brief_caching" time="0.195" /><testcase classname="tests.test_visor_ai_p2_features.TestMorningBrief" name="test_morning_brief_requires_auth" time="0.191" /><testcase classname="tests.test_visor_ai_p2_features.TestCategorizationOverrides" name="test_get_overrides" time="0.420" /><testcase classname="tests.test_visor_ai_p2_features.TestCategorizationOverrides" name="test_override_recording_via_transaction_update" time="0.467" /><testcase classname="tests.test_visor_ai_p2_features.TestCategorizationOverrides" name="test_delete_override" time="0.249" /><testcase classname="tests.test_visor_ai_p2_features.TestCategorizationOverrides" name="test_clear_all_overrides" time="0.224" /><testcase classname="tests.test_visor_ai_p2_features.TestCategorizationOverrides" name="test_overrides_require_auth" time="0.306" /><testcase classname="tests.test_visor_ai_p2_features.TestExpandedMerchantLibrary" name="test_categorize_zepto" time="0.002" /><testcase classname="tests.test_visor_ai_p2_features.TestExpandedMerchantLibrary" name="test_categorize_namma_yatri" time="0.000" /><testcase classname="tests.test_visor_ai_p2_features.TestExpandedMerchantLibrary" name="test_categorize_behrouz" time="0.000" /><testcase classname="tests.test_visor_ai_p2_features.TestExpandedMerchantLibrary" name="test_categorize_acko" time="0.000" /><testcase classname="tests.test_visor_ai_p2_features.TestExpandedMerchantLibrary" name="test_categorize_wazirx" time="0.000" /><testcase classname="tests.test_visor_ai_p2_features.TestExpandedMerchantLibrary" name="test_categorize_clove_dental" time="0.000" /><testcase classname="tests.test_visor_ai_p2_features.TestExpandedMerchantLibrary" name="test_categorize_chatgpt_plus" time="0.000" /><testcase classname="tests.test_visor_ai_p2_features.TestExpandedMerchantLibrary" name="test_categorize_cult_fit" time="0.000" /><testcase classname="tests.test_visor_ai_p2_features.TestExpandedMerchantLibrary" name="test_categorize_additional_merchants" time="0.001" /><testcase classname="tests.test_visor_ai_p2_features.TestExpandedMerchantLibrary" name="test_coinswitch_kuber_edge_case" time="0.000" /><testcase classname="tests.test_visor_ai_p2_features.TestRegressionP0P1" name="test_visor_ai_memory_endpoint" time="0.421" /><testcase classname="tests.test_visor_ai_p2_features.TestRegressionP0P1" name="test_visor_ai_personality_endpoint" time="0.102" /><testcase classname="tests.test_visor_ai_p2_features.TestRegressionP0P1" name="test_visor_ai_history_endpoint" time="0.106" /><testcase classname="tests.test_visor_ai_p2_features.TestTransactionCRUD" name="test_get_transactions" time="0.441" /><testcase classname="tests.test_visor_ai_p2_features.TestTransactionCRUD" name="test_create_and_delete_transaction" time="0.212" /><testcase classname="tests.test_visor_ai_p2_features.TestTransactionCRUD" name="test_update_transaction" time="0.317" /></testsuite></testsuites>