<?xml version="1.0" encoding="utf-8"?><testsuites name="pytest tests"><testsuite name="pytest" errors="0" failures="0" skipped="0" tests="24" time="11.654" timestamp="2026-02-21T08:24:00.080671+00:00" hostname="agent-env-5413dbe5-40f7-4257-b0b5-62f8a40b8a40"><testcase classname="backend.tests.test_phase3_4_features.TestAuth" name="test_login" time="0.479" /><testcase classname="backend.tests.test_phase3_4_features.TestLedgerPDFExport" name="test_get_ledger_pdf_cash_account" time="0.596" /><testcase classname="backend.tests.test_phase3_4_features.TestLedgerPDFExport" name="test_get_ledger_pdf_with_dates" time="0.122" /><testcase classname="backend.tests.test_phase3_4_features.TestLedgerPDFExport" name="test_get_ledger_pdf_empty_account" time="0.206" /><testcase classname="backend.tests.test_phase3_4_features.TestAssetAutoJournaling" name="test_create_asset_with_cash_payment" time="1.147" /><testcase classname="backend.tests.test_phase3_4_features.TestAssetAutoJournaling" name="test_create_asset_with_bank_payment" time="0.822" /><testcase classname="backend.tests.test_phase3_4_features.TestAssetAutoJournaling" name="test_delete_asset_deletes_journal" time="1.441" /><testcase classname="backend.tests.test_phase3_4_features.TestAssetAutoJournaling" name="test_search_journal_for_asset" time="0.844" /><testcase classname="backend.tests.test_phase3_4_features.TestHoldingsLiveEndpoint" name="test_get_holdings_live" time="0.538" /><testcase classname="backend.tests.test_phase3_4_features.TestHoldingsLiveEndpoint" name="test_holdings_and_holdings_live_same_data" time="0.202" /><testcase classname="backend.tests.test_phase3_4_features.TestPortfolioRebalancing" name="test_get_portfolio_rebalancing" time="0.452" /><testcase classname="backend.tests.test_phase3_4_features.TestPortfolioRebalancing" name="test_rebalancing_risk_profiles" time="0.101" /><testcase classname="backend.tests.test_phase3_4_features.TestTransactionSearch" name="test_search_by_description" time="0.629" /><testcase classname="backend.tests.test_phase3_4_features.TestTransactionSearch" name="test_search_by_category" time="0.124" /><testcase classname="backend.tests.test_phase3_4_features.TestTransactionSearch" name="test_search_by_notes" time="0.321" /><testcase classname="backend.tests.test_phase3_4_features.TestTransactionSearch" name="test_search_by_payment_account_name" time="0.300" /><testcase classname="backend.tests.test_phase3_4_features.TestTransactionBankPaymentJournal" name="test_bank_payment_creates_double_entry" time="1.168" /><testcase classname="backend.tests.test_phase3_4_features.TestBooksAPIs" name="test_get_pnl_from_journal" time="0.432" /><testcase classname="backend.tests.test_phase3_4_features.TestBooksAPIs" name="test_get_balance_sheet_from_journal" time="0.099" /><testcase classname="backend.tests.test_phase3_4_features.TestBooksAPIs" name="test_get_ledger_with_search" time="0.105" /><testcase classname="backend.tests.test_phase3_4_features.TestBankAccountsCRUD" name="test_bank_accounts_crud" time="0.756" /><testcase classname="backend.tests.test_phase3_4_features.TestCleanup" name="test_cleanup_test_assets" time="0.458" /><testcase classname="backend.tests.test_phase3_4_features.TestCleanup" name="test_cleanup_test_transactions" time="0.104" /><testcase classname="backend.tests.test_phase3_4_features.TestCleanup" name="test_cleanup_test_bank_accounts" time="0.112" /></testsuite></testsuites>