<?xml version="1.0" encoding="utf-8"?><testsuites name="pytest tests"><testsuite name="pytest" errors="0" failures="0" skipped="0" tests="23" time="9.724" timestamp="2026-03-17T04:33:50.350502+00:00" hostname="agent-env-f0cd6a6a-eeb0-4764-8e4c-e494a31ac10d"><testcase classname="backend.tests.test_refactoring_regression.TestAuthLogin" name="test_login_returns_token" time="0.476" /><testcase classname="backend.tests.test_refactoring_regression.TestAuthLogin" name="test_token_expiry_is_30_days" time="0.335" /><testcase classname="backend.tests.test_refactoring_regression.TestDashboard" name="test_dashboard_stats" time="0.462" /><testcase classname="backend.tests.test_refactoring_regression.TestDashboard" name="test_dashboard_monthly_trends" time="0.140" /><testcase classname="backend.tests.test_refactoring_regression.TestDashboard" name="test_dashboard_smart_alerts" time="0.128" /><testcase classname="backend.tests.test_refactoring_regression.TestVisorAI" name="test_visor_ai_history" time="0.103" /><testcase classname="backend.tests.test_refactoring_regression.TestVisorAI" name="test_visor_ai_chat_simple" time="3.032" /><testcase classname="backend.tests.test_refactoring_regression.TestVisorAI" name="test_visor_ai_chat_with_calculator" time="3.070" /><testcase classname="backend.tests.test_refactoring_regression.TestBankStatements" name="test_bank_statements_history" time="0.170" /><testcase classname="backend.tests.test_refactoring_regression.TestBankStatements" name="test_bank_statements_recategorize" time="0.165" /><testcase classname="backend.tests.test_refactoring_regression.TestOtherEndpoints" name="test_get_goals" time="0.108" /><testcase classname="backend.tests.test_refactoring_regression.TestOtherEndpoints" name="test_get_holdings" time="0.110" /><testcase classname="backend.tests.test_refactoring_regression.TestOtherEndpoints" name="test_get_recurring" time="0.100" /><testcase classname="backend.tests.test_refactoring_regression.TestOtherEndpoints" name="test_get_transactions" time="0.240" /><testcase classname="backend.tests.test_refactoring_regression.TestOtherEndpoints" name="test_get_market_data" time="0.134" /><testcase classname="backend.tests.test_refactoring_regression.TestOtherEndpoints" name="test_get_tax_summary" time="0.110" /><testcase classname="backend.tests.test_refactoring_regression.TestOtherEndpoints" name="test_get_credit_cards" time="0.103" /><testcase classname="backend.tests.test_refactoring_regression.TestTokenValidation" name="test_missing_auth_header" time="0.102" /><testcase classname="backend.tests.test_refactoring_regression.TestTokenValidation" name="test_invalid_token_returns_401" time="0.116" /><testcase classname="backend.tests.test_refactoring_regression.TestTokenValidation" name="test_malformed_header_returns_401" time="0.103" /><testcase classname="backend.tests.test_refactoring_regression.TestTokenValidation" name="test_expired_token_format_returns_401" time="0.109" /><testcase classname="backend.tests.test_refactoring_regression.TestTokenValidation" name="test_empty_token_returns_401" time="0.117" /><testcase classname="backend.tests.test_refactoring_regression.TestHealthCheck" name="test_health_endpoint" time="0.103" /></testsuite></testsuites>