<?xml version="1.0" encoding="utf-8"?><testsuites name="pytest tests"><testsuite name="pytest" errors="0" failures="0" skipped="0" tests="31" time="13.440" timestamp="2026-03-18T09:46:40.773008+00:00" hostname="agent-env-9925d054-78bc-47d0-86a2-55e8e5910769"><testcase classname="tests.test_dashboard_v2_insurance.TestFinancialHealthV2" name="test_financial_health_v2_returns_200" time="0.477" /><testcase classname="tests.test_dashboard_v2_insurance.TestFinancialHealthV2" name="test_financial_health_v2_has_composite_score" time="0.119" /><testcase classname="tests.test_dashboard_v2_insurance.TestFinancialHealthV2" name="test_financial_health_v2_has_grade" time="0.113" /><testcase classname="tests.test_dashboard_v2_insurance.TestFinancialHealthV2" name="test_financial_health_v2_has_8_dimensions" time="0.112" /><testcase classname="tests.test_dashboard_v2_insurance.TestFinancialHealthV2" name="test_financial_health_v2_has_improvement_tip" time="0.108" /><testcase classname="tests.test_dashboard_v2_insurance.TestNetWorth" name="test_net_worth_returns_200" time="0.118" /><testcase classname="tests.test_dashboard_v2_insurance.TestNetWorth" name="test_net_worth_has_required_fields" time="0.122" /><testcase classname="tests.test_dashboard_v2_insurance.TestNetWorth" name="test_net_worth_has_breakdown" time="0.126" /><testcase classname="tests.test_dashboard_v2_insurance.TestInvestmentSummary" name="test_investment_summary_returns_200" time="0.104" /><testcase classname="tests.test_dashboard_v2_insurance.TestInvestmentSummary" name="test_investment_summary_has_required_fields" time="0.152" /><testcase classname="tests.test_dashboard_v2_insurance.TestInvestmentSummary" name="test_investment_summary_xirr_valid_or_null" time="0.103" /><testcase classname="tests.test_dashboard_v2_insurance.TestInvestmentSummary" name="test_investment_summary_values_consistent" time="0.105" /><testcase classname="tests.test_dashboard_v2_insurance.TestUpcomingDues" name="test_upcoming_dues_returns_200" time="0.109" /><testcase classname="tests.test_dashboard_v2_insurance.TestUpcomingDues" name="test_upcoming_dues_has_dues_array" time="0.111" /><testcase classname="tests.test_dashboard_v2_insurance.TestUpcomingDues" name="test_upcoming_dues_item_structure" time="0.106" /><testcase classname="tests.test_dashboard_v2_insurance.TestUpcomingDues" name="test_upcoming_dues_sorted_by_days" time="0.102" /><testcase classname="tests.test_dashboard_v2_insurance.TestAIInsight" name="test_ai_insight_returns_200" time="4.159" /><testcase classname="tests.test_dashboard_v2_insurance.TestAIInsight" name="test_ai_insight_has_required_fields" time="3.410" /><testcase classname="tests.test_dashboard_v2_insurance.TestAIInsight" name="test_ai_insight_is_non_empty" time="2.198" /><testcase classname="tests.test_dashboard_v2_insurance.TestInsuranceCRUD" name="test_get_insurance_returns_200" time="0.130" /><testcase classname="tests.test_dashboard_v2_insurance.TestInsuranceCRUD" name="test_create_insurance_policy" time="0.112" /><testcase classname="tests.test_dashboard_v2_insurance.TestInsuranceCRUD" name="test_read_created_policy" time="0.107" /><testcase classname="tests.test_dashboard_v2_insurance.TestInsuranceCRUD" name="test_update_insurance_policy" time="0.106" /><testcase classname="tests.test_dashboard_v2_insurance.TestInsuranceCRUD" name="test_verify_update_persisted" time="0.100" /><testcase classname="tests.test_dashboard_v2_insurance.TestInsuranceCRUD" name="test_delete_insurance_policy" time="0.111" /><testcase classname="tests.test_dashboard_v2_insurance.TestInsuranceCRUD" name="test_verify_delete_worked" time="0.116" /><testcase classname="tests.test_dashboard_v2_insurance.TestInsuranceCRUD" name="test_update_nonexistent_policy" time="0.121" /><testcase classname="tests.test_dashboard_v2_insurance.TestInsuranceCRUD" name="test_delete_nonexistent_policy" time="0.106" /><testcase classname="tests.test_dashboard_v2_insurance.TestAuthRequired" name="test_financial_health_v2_requires_auth" time="0.179" /><testcase classname="tests.test_dashboard_v2_insurance.TestAuthRequired" name="test_net_worth_requires_auth" time="0.114" /><testcase classname="tests.test_dashboard_v2_insurance.TestAuthRequired" name="test_insurance_requires_auth" time="0.094" /></testsuite></testsuites>