<?xml version="1.0" encoding="utf-8"?><testsuites name="pytest tests"><testsuite name="pytest" errors="0" failures="0" skipped="0" tests="17" time="5.869" timestamp="2026-02-18T05:16:50.487998+00:00" hostname="agent-env-b05235f4-f7e7-4d76-9d6c-7cbf928f7bfc"><testcase classname="tests.test_security_gmail_sms.TestAuthLogin" name="test_login_success" time="0.429" /><testcase classname="tests.test_security_gmail_sms.TestAuthLogin" name="test_login_invalid_password" time="0.339" /><testcase classname="tests.test_security_gmail_sms.TestGmailIntegration" name="test_gmail_status_unauthenticated" time="0.097" /><testcase classname="tests.test_security_gmail_sms.TestGmailIntegration" name="test_gmail_status_returns_connected_false" time="0.429" /><testcase classname="tests.test_security_gmail_sms.TestGmailIntegration" name="test_gmail_connect_returns_auth_url" time="0.439" /><testcase classname="tests.test_security_gmail_sms.TestGmailIntegration" name="test_gmail_connect_url_contains_required_params" time="0.478" /><testcase classname="tests.test_security_gmail_sms.TestSMSParsing" name="test_sms_parse_hdfc_debit" time="0.485" /><testcase classname="tests.test_security_gmail_sms.TestSMSParsing" name="test_sms_parse_sbi_credit" time="0.451" /><testcase classname="tests.test_security_gmail_sms.TestSMSParsing" name="test_sms_parse_batch_multiple" time="0.428" /><testcase classname="tests.test_security_gmail_sms.TestSMSParsing" name="test_sms_parse_creates_transactions" time="0.538" /><testcase classname="tests.test_security_gmail_sms.TestSMSParsing" name="test_sms_parse_unauthorized" time="0.535" /><testcase classname="tests.test_security_gmail_sms.TestEncryption" name="test_encrypt_decrypt_roundtrip" time="0.007" /><testcase classname="tests.test_security_gmail_sms.TestEncryption" name="test_encrypt_different_keys_different_output" time="0.000" /><testcase classname="tests.test_security_gmail_sms.TestEncryption" name="test_decrypt_empty_returns_original" time="0.001" /><testcase classname="tests.test_security_gmail_sms.TestEncryption" name="test_encrypt_sensitive_fields_batch" time="0.000" /><testcase classname="tests.test_security_gmail_sms.TestUserProfileEncryption" name="test_login_returns_decrypted_pan" time="0.698" /><testcase classname="tests.test_security_gmail_sms.TestUserProfileEncryption" name="test_profile_returns_encryption_status" time="0.446" /></testsuite></testsuites>