<?xml version="1.0" encoding="utf-8"?><testsuites name="pytest tests"><testsuite name="pytest" errors="0" failures="0" skipped="0" tests="25" time="6.764" timestamp="2026-04-04T15:56:35.285964+00:00" hostname="agent-env-01fc869d-afa2-47b6-b05e-c6a068d34e3f"><testcase classname="backend.tests.test_tax_phase2_phase3.TestAuth" name="test_login_success" time="0.467" /><testcase classname="backend.tests.test_tax_phase2_phase3.TestPhase2TaxMeter" name="test_tax_meter_endpoint_exists" time="0.482" /><testcase classname="backend.tests.test_tax_phase2_phase3.TestPhase2TaxMeter" name="test_tax_meter_response_structure" time="0.108" /><testcase classname="backend.tests.test_tax_phase2_phase3.TestPhase2TaxMeter" name="test_tax_meter_values_reasonable" time="0.127" /><testcase classname="backend.tests.test_tax_phase2_phase3.TestPhase2TaxDocuments" name="test_tax_documents_list_endpoint" time="0.449" /><testcase classname="backend.tests.test_tax_phase2_phase3.TestPhase2TaxDocuments" name="test_tax_documents_response_structure" time="0.116" /><testcase classname="backend.tests.test_tax_phase2_phase3.TestPhase3CapitalGainsV2" name="test_capital_gains_v2_endpoint" time="0.437" /><testcase classname="backend.tests.test_tax_phase2_phase3.TestPhase3CapitalGainsV2" name="test_capital_gains_v2_response_structure" time="0.109" /><testcase classname="backend.tests.test_tax_phase2_phase3.TestPhase3CapitalGainsV2" name="test_capital_gains_v2_grandfathering_notes" time="0.129" /><testcase classname="backend.tests.test_tax_phase2_phase3.TestPhase3DeductionGap" name="test_deduction_gap_endpoint" time="0.436" /><testcase classname="backend.tests.test_tax_phase2_phase3.TestPhase3DeductionGap" name="test_deduction_gap_response_structure" time="0.103" /><testcase classname="backend.tests.test_tax_phase2_phase3.TestPhase3DeductionGap" name="test_deduction_gap_has_recommendations" time="0.118" /><testcase classname="backend.tests.test_tax_phase2_phase3.TestPhase3DeductionGap" name="test_deduction_gap_top_actions" time="0.137" /><testcase classname="backend.tests.test_tax_phase2_phase3.TestPhase3TDSMismatch" name="test_tds_mismatch_endpoint" time="0.430" /><testcase classname="backend.tests.test_tax_phase2_phase3.TestPhase3TDSMismatch" name="test_tds_mismatch_response_structure" time="0.111" /><testcase classname="backend.tests.test_tax_phase2_phase3.TestPhase3TDSMismatch" name="test_tds_mismatch_sources_structure" time="0.103" /><testcase classname="backend.tests.test_tax_phase2_phase3.TestPhase3TaxCalendar" name="test_tax_calendar_endpoint" time="0.431" /><testcase classname="backend.tests.test_tax_phase2_phase3.TestPhase3TaxCalendar" name="test_tax_calendar_response_structure" time="0.105" /><testcase classname="backend.tests.test_tax_phase2_phase3.TestPhase3TaxCalendar" name="test_tax_calendar_events_structure" time="0.111" /><testcase classname="backend.tests.test_tax_phase2_phase3.TestPhase3TaxCalendar" name="test_tax_calendar_has_key_dates" time="0.120" /><testcase classname="backend.tests.test_tax_phase2_phase3.TestPhase3TaxReminders" name="test_tax_reminders_endpoint" time="0.449" /><testcase classname="backend.tests.test_tax_phase2_phase3.TestPhase3TaxReminders" name="test_tax_reminders_response_structure" time="0.132" /><testcase classname="backend.tests.test_tax_phase2_phase3.TestPhase3TaxReminders" name="test_tax_reminders_structure_if_present" time="0.106" /><testcase classname="backend.tests.test_tax_phase2_phase3.TestPhase2Phase3Integration" name="test_all_phase2_phase3_endpoints_accessible" time="1.124" /><testcase classname="backend.tests.test_tax_phase2_phase3.TestPhase2Phase3Integration" name="test_tax_meter_consistent_with_calculator" time="0.217" /></testsuite></testsuites>