<?xml version="1.0" encoding="utf-8"?><testsuites name="pytest tests"><testsuite name="pytest" errors="0" failures="0" skipped="0" tests="36" time="5.680" timestamp="2026-04-05T06:32:57.743456+00:00" hostname="agent-env-aeb7afff-dde1-4a75-8cbe-433a19adabb5"><testcase classname="tests.test_visor_ai_p1_features.TestHealthCheck" name="test_health_endpoint" time="0.203" /><testcase classname="tests.test_visor_ai_p1_features.TestFinancialPersonalityCompute" name="test_personality_endpoint_exists" time="0.320" /><testcase classname="tests.test_visor_ai_p1_features.TestFinancialPersonalityCompute" name="test_personality_has_spending_archetype" time="0.056" /><testcase classname="tests.test_visor_ai_p1_features.TestFinancialPersonalityCompute" name="test_personality_has_savings_consistency" time="0.054" /><testcase classname="tests.test_visor_ai_p1_features.TestFinancialPersonalityCompute" name="test_personality_has_investment_behavior" time="0.048" /><testcase classname="tests.test_visor_ai_p1_features.TestFinancialPersonalityCompute" name="test_personality_has_life_stage" time="0.051" /><testcase classname="tests.test_visor_ai_p1_features.TestFinancialPersonalityCompute" name="test_personality_has_strengths_and_blind_spots" time="0.047" /><testcase classname="tests.test_visor_ai_p1_features.TestFinancialPersonalityCompute" name="test_personality_has_metrics" time="0.053" /><testcase classname="tests.test_visor_ai_p1_features.TestFinancialPersonalityCompute" name="test_personality_has_top_expense_categories" time="0.048" /><testcase classname="tests.test_visor_ai_p1_features.TestFinancialPersonalityCached" name="test_cached_personality_endpoint_exists" time="0.045" /><testcase classname="tests.test_visor_ai_p1_features.TestFinancialPersonalityCached" name="test_cached_returns_same_data_as_compute" time="0.096" /><testcase classname="tests.test_visor_ai_p1_features.TestFinancialPersonalityCached" name="test_cached_is_faster_than_compute" time="0.095" /><testcase classname="tests.test_visor_ai_p1_features.TestTaxKnowledgeBaseDetection" name="test_detect_80c_query" time="0.002" /><testcase classname="tests.test_visor_ai_p1_features.TestTaxKnowledgeBaseDetection" name="test_detect_nps_query" time="0.000" /><testcase classname="tests.test_visor_ai_p1_features.TestTaxKnowledgeBaseDetection" name="test_detect_hra_query" time="0.000" /><testcase classname="tests.test_visor_ai_p1_features.TestTaxKnowledgeBaseDetection" name="test_detect_regime_comparison_query" time="0.000" /><testcase classname="tests.test_visor_ai_p1_features.TestTaxKnowledgeBaseDetection" name="test_detect_capital_gains_query" time="0.000" /><testcase classname="tests.test_visor_ai_p1_features.TestTaxKnowledgeBaseDetection" name="test_non_tax_queries_not_detected" time="0.000" /><testcase classname="tests.test_visor_ai_p1_features.TestTaxKnowledgeBaseContext" name="test_80c_context_has_limit" time="0.000" /><testcase classname="tests.test_visor_ai_p1_features.TestTaxKnowledgeBaseContext" name="test_nps_context_has_additional_deduction" time="0.000" /><testcase classname="tests.test_visor_ai_p1_features.TestTaxKnowledgeBaseContext" name="test_hra_context_has_calculation" time="0.000" /><testcase classname="tests.test_visor_ai_p1_features.TestTaxKnowledgeBaseContext" name="test_regime_context_has_slabs" time="0.000" /><testcase classname="tests.test_visor_ai_p1_features.TestTaxKnowledgeBaseContext" name="test_capital_gains_context_has_rates" time="0.000" /><testcase classname="tests.test_visor_ai_p1_features.TestTaxKnowledgeBaseContext" name="test_non_tax_query_returns_empty" time="0.000" /><testcase classname="tests.test_visor_ai_p1_features.TestTaxKnowledgeSpecificQueries" name="test_80c_kitna_invest" time="0.000" /><testcase classname="tests.test_visor_ai_p1_features.TestTaxKnowledgeSpecificQueries" name="test_nps_tax_benefit" time="0.000" /><testcase classname="tests.test_visor_ai_p1_features.TestTaxKnowledgeSpecificQueries" name="test_hra_exemption" time="0.000" /><testcase classname="tests.test_visor_ai_p1_features.TestTaxKnowledgeSpecificQueries" name="test_new_vs_old_regime" time="0.000" /><testcase classname="tests.test_visor_ai_p1_features.TestTaxKnowledgeSpecificQueries" name="test_capital_gains_tax" time="0.000" /><testcase classname="tests.test_visor_ai_p1_features.TestP0Regression" name="test_chat_returns_model_used" time="3.281" /><testcase classname="tests.test_visor_ai_p1_features.TestP0Regression" name="test_memory_endpoint_works" time="0.882" /><testcase classname="tests.test_visor_ai_p1_features.TestP0Regression" name="test_history_endpoint_works" time="0.048" /><testcase classname="tests.test_visor_ai_p1_features.TestPersonalityAuthentication" name="test_personality_requires_auth" time="0.045" /><testcase classname="tests.test_visor_ai_p1_features.TestPersonalityAuthentication" name="test_cached_personality_requires_auth" time="0.047" /><testcase classname="tests.test_visor_ai_p1_features.TestPersonalityContextInjection" name="test_personality_context_format" time="0.159" /><testcase classname="tests.test_visor_ai_p1_features.TestPersonalityContextInjection" name="test_empty_personality_returns_empty_context" time="0.001" /></testsuite></testsuites>