<?xml version="1.0" encoding="utf-8"?><testsuites name="pytest tests"><testsuite name="pytest" errors="0" failures="0" skipped="0" tests="11" time="1.787" timestamp="2026-03-22T12:01:14.168869+00:00" hostname="agent-env-60d930c8-35f1-4c3e-92cb-324fbcab922f"><testcase classname="backend.tests.test_iteration40_fy_frequency.TestDashboardStatsFrequencyParam" name="test_dashboard_stats_with_frequency_year" time="0.599" /><testcase classname="backend.tests.test_iteration40_fy_frequency.TestDashboardStatsFrequencyParam" name="test_dashboard_stats_with_frequency_month" time="0.128" /><testcase classname="backend.tests.test_iteration40_fy_frequency.TestDashboardStatsFrequencyParam" name="test_dashboard_stats_with_frequency_quarter" time="0.101" /><testcase classname="backend.tests.test_iteration40_fy_frequency.TestDashboardStatsFrequencyParam" name="test_trend_data_monthly_grouping_for_year_frequency" time="0.120" /><testcase classname="backend.tests.test_iteration40_fy_frequency.TestDashboardStatsFrequencyParam" name="test_trend_data_weekly_grouping_for_month_frequency" time="0.104" /><testcase classname="backend.tests.test_iteration40_fy_frequency.TestDashboardStatsFrequencyParam" name="test_dashboard_stats_without_frequency_param" time="0.099" /><testcase classname="backend.tests.test_iteration40_fy_frequency.TestDashboardStatsFrequencyParam" name="test_dashboard_stats_long_date_range_uses_monthly" time="0.100" /><testcase classname="backend.tests.test_iteration40_fy_frequency.TestDashboardStatsResponseStructure" name="test_response_includes_all_required_fields" time="0.121" /><testcase classname="backend.tests.test_iteration40_fy_frequency.TestDashboardStatsResponseStructure" name="test_trend_data_point_structure" time="0.104" /><testcase classname="backend.tests.test_iteration40_fy_frequency.TestDateRangeValidation" name="test_fy_2025_26_date_range" time="0.136" /><testcase classname="backend.tests.test_iteration40_fy_frequency.TestDateRangeValidation" name="test_historical_date_range_2020" time="0.100" /></testsuite></testsuites>