<?xml version="1.0" encoding="utf-8"?><testsuites name="pytest tests"><testsuite name="pytest" errors="0" failures="1" skipped="0" tests="13" time="6.746" timestamp="2026-02-21T08:51:16.161497+00:00" hostname="agent-env-413a92ed-3d73-4997-a73f-4cd7208324e0"><testcase classname="tests.test_bank_statement_upload.TestBankStatementUpload" name="test_upload_csv_statement_success" time="0.554" /><testcase classname="tests.test_bank_statement_upload.TestBankStatementUpload" name="test_perspective_reversal_verified" time="0.569" /><testcase classname="tests.test_bank_statement_upload.TestBankStatementUpload" name="test_auto_categorization" time="0.665" /><testcase classname="tests.test_bank_statement_upload.TestBankStatementUpload" name="test_journal_entry_creation" time="0.483" /><testcase classname="tests.test_bank_statement_upload.TestBankStatementUpload" name="test_duplicate_detection" time="0.557" /><testcase classname="tests.test_bank_statement_upload.TestBankStatementUpload" name="test_bank_account_auto_creation" time="0.441" /><testcase classname="tests.test_bank_statement_upload.TestBankStatementUpload" name="test_get_upload_history" time="0.376" /><testcase classname="tests.test_bank_statement_upload.TestBankStatementUpload" name="test_unsupported_file_format" time="0.455" /><testcase classname="tests.test_bank_statement_upload.TestBankStatementUpload" name="test_empty_csv" time="0.435" /><testcase classname="tests.test_bank_statement_upload.TestBankStatementUpload" name="test_csv_with_indian_date_formats" time="0.439" /><testcase classname="tests.test_bank_statement_upload.TestBankStatementUpload" name="test_csv_with_indian_amount_formats" time="0.447" /><testcase classname="tests.test_bank_statement_upload.TestBankStatementCleanup" name="test_cleanup_test_transactions" time="0.381"><failure message="AttributeError: 'list' object has no attribute 'get'">tests/test_bank_statement_upload.py:397: in test_cleanup_test_transactions
    txns = response.json().get("transactions", [])
           ^^^^^^^^^^^^^^^^^^^
E   AttributeError: 'list' object has no attribute 'get'</failure></testcase><testcase classname="tests.test_bank_statement_upload.TestBankStatementCleanup" name="test_cleanup_test_bank_accounts" time="0.851" /></testsuite></testsuites>