<?xml version="1.0" encoding="utf-8"?><testsuites name="pytest tests"><testsuite name="pytest" errors="0" failures="0" skipped="0" tests="7" time="5.339" timestamp="2026-03-19T15:15:05.558783+00:00" hostname="agent-env-158f42de-c5cb-4e46-8f05-1a201043ce7a"><testcase classname="backend.tests.test_iteration38_qr_holdings.TestExpoQREndpoints" name="test_expo_status_returns_expected_fields" time="1.298" /><testcase classname="backend.tests.test_iteration38_qr_holdings.TestExpoQREndpoints" name="test_expo_qr_page_returns_html" time="0.139" /><testcase classname="backend.tests.test_iteration38_qr_holdings.TestHoldingsAPI" name="test_get_holdings_returns_structure" time="0.806" /><testcase classname="backend.tests.test_iteration38_qr_holdings.TestHoldingsAPI" name="test_create_holding_manually" time="0.110" /><testcase classname="backend.tests.test_iteration38_qr_holdings.TestHoldingsAPI" name="test_portfolio_overview_returns_categories" time="0.563" /><testcase classname="backend.tests.test_iteration38_qr_holdings.TestHoldingsAPI" name="test_clear_all_holdings_endpoint_exists" time="0.112" /><testcase classname="backend.tests.test_iteration38_qr_holdings.TestHoldingsClearFlow" name="test_clear_holdings_works" time="2.246" /></testsuite></testsuites>