<?xml version="1.0" encoding="utf-8"?><testsuites name="pytest tests"><testsuite name="pytest" errors="0" failures="0" skipped="0" tests="18" time="5.685" timestamp="2026-02-17T10:34:58.373993+00:00" hostname="agent-env-4af0f522-14a6-444c-9eff-bad01153ab3a"><testcase classname="backend.tests.test_recurring_sips.TestRecurringTransactionsAuth" name="test_get_recurring_requires_auth" time="0.234" /><testcase classname="backend.tests.test_recurring_sips.TestRecurringTransactionsAuth" name="test_post_recurring_requires_auth" time="0.158" /><testcase classname="backend.tests.test_recurring_sips.TestRecurringTransactionsCRUD" name="test_get_recurring_list" time="0.566" /><testcase classname="backend.tests.test_recurring_sips.TestRecurringTransactionsCRUD" name="test_create_recurring_sip" time="0.107" /><testcase classname="backend.tests.test_recurring_sips.TestRecurringTransactionsCRUD" name="test_create_recurring_ppf" time="0.107" /><testcase classname="backend.tests.test_recurring_sips.TestRecurringTransactionsCRUD" name="test_create_recurring_quarterly" time="0.099" /><testcase classname="backend.tests.test_recurring_sips.TestRecurringTransactionsCRUD" name="test_update_recurring" time="0.342" /><testcase classname="backend.tests.test_recurring_sips.TestRecurringTransactionsCRUD" name="test_update_nonexistent_recurring" time="0.105" /><testcase classname="backend.tests.test_recurring_sips.TestRecurringTransactionsCRUD" name="test_delete_recurring" time="0.433" /><testcase classname="backend.tests.test_recurring_sips.TestRecurringTransactionsCRUD" name="test_delete_nonexistent_recurring" time="0.102" /><testcase classname="backend.tests.test_recurring_sips.TestRecurringTransactionsActions" name="test_pause_recurring" time="0.471" /><testcase classname="backend.tests.test_recurring_sips.TestRecurringTransactionsActions" name="test_resume_recurring" time="0.422" /><testcase classname="backend.tests.test_recurring_sips.TestRecurringTransactionsActions" name="test_execute_recurring" time="0.496" /><testcase classname="backend.tests.test_recurring_sips.TestRecurringTransactionsActions" name="test_execute_nonexistent_recurring" time="0.110" /><testcase classname="backend.tests.test_recurring_sips.TestRecurringTransactionsActions" name="test_pause_nonexistent_recurring" time="0.114" /><testcase classname="backend.tests.test_recurring_sips.TestRecurringSummaryCalculations" name="test_monthly_commitment_calculation" time="0.185" /><testcase classname="backend.tests.test_recurring_sips.TestRecurringSummaryCalculations" name="test_active_count_accuracy" time="0.140" /><testcase classname="backend.tests.test_recurring_sips.TestCleanup" name="test_cleanup_test_sips" time="1.414" /></testsuite></testsuites>