<?xml version="1.0" encoding="utf-8"?><testsuites name="pytest tests"><testsuite name="pytest" errors="0" failures="0" skipped="0" tests="18" time="9.048" timestamp="2026-02-17T10:01:46.621247+00:00" hostname="agent-env-94ad106b-1ff7-49b8-b71f-939a514cc086"><testcase classname="tests.test_tax_rebalancing.TestTaxSummaryAPI" name="test_tax_summary_returns_200" time="0.650" /><testcase classname="tests.test_tax_rebalancing.TestTaxSummaryAPI" name="test_tax_summary_has_sections" time="0.526" /><testcase classname="tests.test_tax_rebalancing.TestTaxSummaryAPI" name="test_tax_summary_has_fy" time="0.482" /><testcase classname="tests.test_tax_rebalancing.TestTaxSummaryAPI" name="test_tax_summary_has_tax_saved_estimates" time="0.618" /><testcase classname="tests.test_tax_rebalancing.TestTaxSummaryAPI" name="test_tax_summary_section_80c_structure" time="0.531" /><testcase classname="tests.test_tax_rebalancing.TestTaxSummaryAPI" name="test_tax_summary_section_80d_exists" time="0.524" /><testcase classname="tests.test_tax_rebalancing.TestTaxSummaryAPI" name="test_tax_summary_ppf_mapped_to_80c" time="0.457" /><testcase classname="tests.test_tax_rebalancing.TestTaxSummaryAPI" name="test_tax_summary_requires_auth" time="0.431" /><testcase classname="tests.test_tax_rebalancing.TestPortfolioRebalancingAPI" name="test_rebalancing_returns_200" time="0.497" /><testcase classname="tests.test_tax_rebalancing.TestPortfolioRebalancingAPI" name="test_rebalancing_has_profile" time="0.487" /><testcase classname="tests.test_tax_rebalancing.TestPortfolioRebalancingAPI" name="test_rebalancing_has_strategy_name" time="0.457" /><testcase classname="tests.test_tax_rebalancing.TestPortfolioRebalancingAPI" name="test_rebalancing_has_actual_allocation" time="0.502" /><testcase classname="tests.test_tax_rebalancing.TestPortfolioRebalancingAPI" name="test_rebalancing_has_target_allocation" time="0.502" /><testcase classname="tests.test_tax_rebalancing.TestPortfolioRebalancingAPI" name="test_rebalancing_has_actions" time="0.437" /><testcase classname="tests.test_tax_rebalancing.TestPortfolioRebalancingAPI" name="test_rebalancing_actions_have_correct_suggestions" time="0.493" /><testcase classname="tests.test_tax_rebalancing.TestPortfolioRebalancingAPI" name="test_rebalancing_has_total_invested" time="0.449" /><testcase classname="tests.test_tax_rebalancing.TestPortfolioRebalancingAPI" name="test_rebalancing_requires_auth" time="0.499" /><testcase classname="tests.test_tax_rebalancing.TestPortfolioRebalancingAPI" name="test_rebalancing_moderate_profile_allocations" time="0.453" /></testsuite></testsuites>