<?xml version="1.0" encoding="utf-8"?><testsuites name="pytest tests"><testsuite name="pytest" errors="0" failures="0" skipped="0" tests="19" time="26.617" timestamp="2026-02-18T02:46:16.124916+00:00" hostname="agent-env-8d34c211-38cf-40be-b6d1-87074077a7b7"><testcase classname="backend.tests.test_iteration_16.TestAuth" name="test_login_success" time="0.438" /><testcase classname="backend.tests.test_iteration_16.TestDashboardStats" name="test_dashboard_stats_no_date_range" time="0.511" /><testcase classname="backend.tests.test_iteration_16.TestDashboardStats" name="test_dashboard_stats_month_range" time="0.209" /><testcase classname="backend.tests.test_iteration_16.TestDashboardStats" name="test_dashboard_stats_quarter_range" time="0.137" /><testcase classname="backend.tests.test_iteration_16.TestDashboardStats" name="test_dashboard_stats_year_range" time="0.127" /><testcase classname="backend.tests.test_iteration_16.TestTrendData" name="test_trend_data_structure" time="0.160" /><testcase classname="backend.tests.test_iteration_16.TestTrendData" name="test_trend_data_updates_with_date_range" time="0.248" /><testcase classname="backend.tests.test_iteration_16.TestTrendInsights" name="test_trend_insights_structure" time="0.137" /><testcase classname="backend.tests.test_iteration_16.TestHealthScore" name="test_health_score_structure" time="0.112" /><testcase classname="backend.tests.test_iteration_16.TestHealthScore" name="test_health_score_consistency_with_date_range" time="0.112" /><testcase classname="backend.tests.test_iteration_16.TestAIChatContext" name="test_ai_chat_basic" time="7.643" /><testcase classname="backend.tests.test_iteration_16.TestAIChatContext" name="test_ai_chat_spending_categories" time="2.871" /><testcase classname="backend.tests.test_iteration_16.TestAIChatContext" name="test_ai_chat_investments" time="5.037" /><testcase classname="backend.tests.test_iteration_16.TestAIChatContext" name="test_ai_chat_goals" time="4.136" /><testcase classname="backend.tests.test_iteration_16.TestAIChatContext" name="test_ai_chat_health_score" time="4.112" /><testcase classname="backend.tests.test_iteration_16.TestAIHistory" name="test_ai_history" time="0.126" /><testcase classname="backend.tests.test_iteration_16.TestGoalsEndpoint" name="test_get_goals" time="0.156" /><testcase classname="backend.tests.test_iteration_16.TestRecurringEndpoint" name="test_get_recurring" time="0.116" /><testcase classname="backend.tests.test_iteration_16.TestHoldingsEndpoint" name="test_get_holdings" time="0.131" /></testsuite></testsuites>