<?xml version="1.0" encoding="utf-8"?><testsuites name="pytest tests"><testsuite name="pytest" errors="0" failures="0" skipped="0" tests="34" time="5.397" timestamp="2026-03-18T10:48:57.469218+00:00" hostname="agent-env-06a53d9d-3a8b-424b-9edd-0b380f8119c5"><testcase classname="backend.tests.test_emi_sip_analytics_phase3.TestAuthentication" name="test_login_success" time="0.517" /><testcase classname="backend.tests.test_emi_sip_analytics_phase3.TestEmiAnalyticsOverview" name="test_emi_overview_returns_200" time="0.479" /><testcase classname="backend.tests.test_emi_sip_analytics_phase3.TestEmiAnalyticsOverview" name="test_emi_overview_response_structure" time="0.140" /><testcase classname="backend.tests.test_emi_sip_analytics_phase3.TestEmiAnalyticsOverview" name="test_emi_overview_loans_structure" time="0.148" /><testcase classname="backend.tests.test_emi_sip_analytics_phase3.TestEmiAnalyticsOverview" name="test_emi_overview_has_test_loan" time="0.143" /><testcase classname="backend.tests.test_emi_sip_analytics_phase3.TestEmiAnalyticsOverview" name="test_emi_overview_monthly_timeline" time="0.104" /><testcase classname="backend.tests.test_emi_sip_analytics_phase3.TestEmiAnalyticsOverview" name="test_emi_overview_unauthenticated" time="0.122" /><testcase classname="backend.tests.test_emi_sip_analytics_phase3.TestPrepaymentCalculator" name="test_prepayment_reduce_tenure" time="0.158" /><testcase classname="backend.tests.test_emi_sip_analytics_phase3.TestPrepaymentCalculator" name="test_prepayment_reduce_emi" time="0.103" /><testcase classname="backend.tests.test_emi_sip_analytics_phase3.TestPrepaymentCalculator" name="test_prepayment_full_amount" time="0.213" /><testcase classname="backend.tests.test_emi_sip_analytics_phase3.TestPrepaymentCalculator" name="test_prepayment_invalid_loan" time="0.102" /><testcase classname="backend.tests.test_emi_sip_analytics_phase3.TestPrepaymentCalculator" name="test_prepayment_zero_amount" time="0.098" /><testcase classname="backend.tests.test_emi_sip_analytics_phase3.TestPrepaymentCalculator" name="test_prepayment_unauthenticated" time="0.130" /><testcase classname="backend.tests.test_emi_sip_analytics_phase3.TestSipAnalyticsDashboard" name="test_sip_dashboard_returns_200" time="0.104" /><testcase classname="backend.tests.test_emi_sip_analytics_phase3.TestSipAnalyticsDashboard" name="test_sip_dashboard_summary_structure" time="0.105" /><testcase classname="backend.tests.test_emi_sip_analytics_phase3.TestSipAnalyticsDashboard" name="test_sip_dashboard_category_allocation" time="0.104" /><testcase classname="backend.tests.test_emi_sip_analytics_phase3.TestSipAnalyticsDashboard" name="test_sip_dashboard_sip_list" time="0.111" /><testcase classname="backend.tests.test_emi_sip_analytics_phase3.TestSipAnalyticsDashboard" name="test_sip_dashboard_discipline_score_range" time="0.105" /><testcase classname="backend.tests.test_emi_sip_analytics_phase3.TestSipAnalyticsDashboard" name="test_sip_dashboard_unauthenticated" time="0.108" /><testcase classname="backend.tests.test_emi_sip_analytics_phase3.TestWealthProjector" name="test_wealth_projection_with_inputs" time="0.153" /><testcase classname="backend.tests.test_emi_sip_analytics_phase3.TestWealthProjector" name="test_wealth_projection_auto_fill" time="0.114" /><testcase classname="backend.tests.test_emi_sip_analytics_phase3.TestWealthProjector" name="test_wealth_projection_custom_return" time="0.108" /><testcase classname="backend.tests.test_emi_sip_analytics_phase3.TestWealthProjector" name="test_wealth_projection_yearly_timeline" time="0.130" /><testcase classname="backend.tests.test_emi_sip_analytics_phase3.TestWealthProjector" name="test_wealth_projection_empty_body" time="0.114" /><testcase classname="backend.tests.test_emi_sip_analytics_phase3.TestWealthProjector" name="test_wealth_projection_unauthenticated" time="0.131" /><testcase classname="backend.tests.test_emi_sip_analytics_phase3.TestGoalMapper" name="test_goal_map_auto_suggest" time="0.105" /><testcase classname="backend.tests.test_emi_sip_analytics_phase3.TestGoalMapper" name="test_goal_map_goal_analysis_structure" time="0.119" /><testcase classname="backend.tests.test_emi_sip_analytics_phase3.TestGoalMapper" name="test_goal_map_unmapped_sips" time="0.111" /><testcase classname="backend.tests.test_emi_sip_analytics_phase3.TestGoalMapper" name="test_goal_map_active_sips_structure" time="0.114" /><testcase classname="backend.tests.test_emi_sip_analytics_phase3.TestGoalMapper" name="test_goal_map_sip_needed_calculation" time="0.104" /><testcase classname="backend.tests.test_emi_sip_analytics_phase3.TestGoalMapper" name="test_goal_map_unauthenticated" time="0.175" /><testcase classname="backend.tests.test_emi_sip_analytics_phase3.TestIntegration" name="test_emi_overview_matches_prepayment_loan" time="0.231" /><testcase classname="backend.tests.test_emi_sip_analytics_phase3.TestIntegration" name="test_sip_dashboard_matches_goal_map" time="0.272" /><testcase classname="backend.tests.test_emi_sip_analytics_phase3.TestIntegration" name="test_wealth_projection_uses_dashboard_data" time="0.226" /></testsuite></testsuites>