<?xml version="1.0" encoding="utf-8"?><testsuites name="pytest tests"><testsuite name="pytest" errors="0" failures="0" skipped="0" tests="22" time="7.843" timestamp="2026-02-18T18:36:03.871839+00:00" hostname="agent-env-41f36409-d88d-44cc-a8c4-21c7122d9b10"><testcase classname="backend.tests.test_tax_calculator_apis.TestAuth" name="test_login_success" time="0.481" /><testcase classname="backend.tests.test_tax_calculator_apis.TestTaxCalculator" name="test_tax_calculator_fy_2025_26" time="0.726" /><testcase classname="backend.tests.test_tax_calculator_apis.TestTaxCalculator" name="test_tax_calculator_fy_2024_25" time="0.155" /><testcase classname="backend.tests.test_tax_calculator_apis.TestTaxCalculator" name="test_tax_calculator_fy_2023_24" time="0.144" /><testcase classname="backend.tests.test_tax_calculator_apis.TestTaxCalculator" name="test_tax_calculator_default_fy" time="0.271" /><testcase classname="backend.tests.test_tax_calculator_apis.TestTaxCalculator" name="test_tax_calculator_slab_breakdown_old_regime" time="0.186" /><testcase classname="backend.tests.test_tax_calculator_apis.TestTaxCalculator" name="test_tax_calculator_slab_breakdown_new_regime" time="0.128" /><testcase classname="backend.tests.test_tax_calculator_apis.TestTaxCalculator" name="test_tax_calculator_cess_calculation" time="0.127" /><testcase classname="backend.tests.test_tax_calculator_apis.TestTaxSummary" name="test_tax_summary_endpoint" time="0.476" /><testcase classname="backend.tests.test_tax_calculator_apis.TestTaxSummary" name="test_tax_summary_80c_section" time="0.191" /><testcase classname="backend.tests.test_tax_calculator_apis.TestCapitalGains" name="test_capital_gains_endpoint" time="0.537" /><testcase classname="backend.tests.test_tax_calculator_apis.TestUserTaxDeductions" name="test_get_user_tax_deductions" time="0.602" /><testcase classname="backend.tests.test_tax_calculator_apis.TestUserTaxDeductions" name="test_create_user_tax_deduction" time="0.251" /><testcase classname="backend.tests.test_tax_calculator_apis.TestUserTaxDeductions" name="test_update_user_tax_deduction" time="0.629" /><testcase classname="backend.tests.test_tax_calculator_apis.TestUserTaxDeductions" name="test_delete_user_tax_deduction" time="0.464" /><testcase classname="backend.tests.test_tax_calculator_apis.TestUserTaxDeductions" name="test_delete_nonexistent_deduction" time="0.145" /><testcase classname="backend.tests.test_tax_calculator_apis.TestUserTaxDeductions" name="test_update_nonexistent_deduction" time="0.169" /><testcase classname="backend.tests.test_tax_calculator_apis.TestUserTaxDeductions" name="test_duplicate_deduction_creation" time="0.374" /><testcase classname="backend.tests.test_tax_calculator_apis.TestTaxCalculatorValidation" name="test_rebate_87a_old_regime_logic" time="0.535" /><testcase classname="backend.tests.test_tax_calculator_apis.TestTaxCalculatorValidation" name="test_rebate_87a_new_regime_logic" time="0.146" /><testcase classname="backend.tests.test_tax_calculator_apis.TestTaxCalculatorValidation" name="test_capital_gains_in_tax_calculator" time="0.129" /><testcase classname="backend.tests.test_tax_calculator_apis.TestCleanup" name="test_cleanup_test_deductions" time="0.861" /></testsuite></testsuites>