<?xml version="1.0" encoding="utf-8"?><testsuites name="pytest tests"><testsuite name="pytest" errors="0" failures="0" skipped="0" tests="19" time="4.289" timestamp="2026-03-18T15:19:39.454516+00:00" hostname="agent-env-7b694ea7-a5fe-4ded-b3dc-c14af0b40cee"><testcase classname="backend.tests.test_iteration_34_features.TestGoalMap" name="test_goal_map_returns_200" time="0.528" /><testcase classname="backend.tests.test_iteration_34_features.TestGoalMap" name="test_goal_map_response_structure" time="0.126" /><testcase classname="backend.tests.test_iteration_34_features.TestGoalMap" name="test_goal_analysis_items_have_required_fields" time="0.107" /><testcase classname="backend.tests.test_iteration_34_features.TestLinkSip" name="test_link_sip_missing_params_returns_422" time="0.137" /><testcase classname="backend.tests.test_iteration_34_features.TestLinkSip" name="test_link_sip_missing_goal_id_returns_422" time="0.121" /><testcase classname="backend.tests.test_iteration_34_features.TestLinkSip" name="test_link_sip_missing_sip_id_returns_422" time="0.125" /><testcase classname="backend.tests.test_iteration_34_features.TestLinkSip" name="test_link_sip_nonexistent_sip_returns_404" time="0.124" /><testcase classname="backend.tests.test_iteration_34_features.TestLinkSip" name="test_link_sip_valid_with_real_data" time="0.536" /><testcase classname="backend.tests.test_iteration_34_features.TestUnlinkSip" name="test_unlink_sip_missing_params_returns_422" time="0.123" /><testcase classname="backend.tests.test_iteration_34_features.TestUnlinkSip" name="test_unlink_sip_nonexistent_sip_returns_404" time="0.110" /><testcase classname="backend.tests.test_iteration_34_features.TestUnlinkSip" name="test_unlink_sip_link_then_unlink_flow" time="1.105" /><testcase classname="backend.tests.test_iteration_34_features.TestFinancialHealthV2" name="test_health_v2_returns_200" time="0.131" /><testcase classname="backend.tests.test_iteration_34_features.TestFinancialHealthV2" name="test_health_v2_response_structure" time="0.141" /><testcase classname="backend.tests.test_iteration_34_features.TestFinancialHealthV2" name="test_health_v2_dimension_scores_0_to_100" time="0.143" /><testcase classname="backend.tests.test_iteration_34_features.TestSmartAlerts" name="test_smart_alerts_returns_200" time="0.181" /><testcase classname="backend.tests.test_iteration_34_features.TestSmartAlerts" name="test_smart_alerts_response_structure" time="0.134" /><testcase classname="backend.tests.test_iteration_34_features.TestSmartAlerts" name="test_smart_alerts_items_have_action_field" time="0.127" /><testcase classname="backend.tests.test_iteration_34_features.TestAuthRequired" name="test_link_sip_no_token_returns_401_or_403" time="0.106" /><testcase classname="backend.tests.test_iteration_34_features.TestAuthRequired" name="test_unlink_sip_no_token_returns_401_or_403" time="0.115" /></testsuite></testsuites>