<?xml version="1.0" encoding="utf-8"?><testsuites name="pytest tests"><testsuite name="pytest" errors="0" failures="1" skipped="0" tests="23" time="5.720" timestamp="2026-02-23T15:50:47.352473+00:00" hostname="agent-env-a5436848-a669-4939-81ea-34f0c27467c7"><testcase classname="backend.tests.test_exports_and_insights.TestAuthentication" name="test_login_success" time="0.499" /><testcase classname="backend.tests.test_exports_and_insights.TestPDFExports" name="test_export_journal_pdf" time="0.643" /><testcase classname="backend.tests.test_exports_and_insights.TestPDFExports" name="test_export_journal_pdf_with_dates" time="0.271" /><testcase classname="backend.tests.test_exports_and_insights.TestPDFExports" name="test_export_pnl_pdf" time="0.164" /><testcase classname="backend.tests.test_exports_and_insights.TestPDFExports" name="test_export_balance_sheet_pdf" time="0.141" /><testcase classname="backend.tests.test_exports_and_insights.TestPDFExports" name="test_export_balance_sheet_pdf_with_date" time="0.154" /><testcase classname="backend.tests.test_exports_and_insights.TestPDFExports" name="test_export_ledger_pdf" time="0.651" /><testcase classname="backend.tests.test_exports_and_insights.TestExcelExports" name="test_export_journal_excel" time="0.284" /><testcase classname="backend.tests.test_exports_and_insights.TestExcelExports" name="test_export_journal_excel_with_dates" time="0.272" /><testcase classname="backend.tests.test_exports_and_insights.TestExcelExports" name="test_export_pnl_excel" time="0.230" /><testcase classname="backend.tests.test_exports_and_insights.TestExcelExports" name="test_export_balance_sheet_excel" time="0.222" /><testcase classname="backend.tests.test_exports_and_insights.TestExcelExports" name="test_export_ledger_excel" time="0.370" /><testcase classname="backend.tests.test_exports_and_insights.TestMonthlyTrendsAPI" name="test_get_monthly_trends" time="0.147" /><testcase classname="backend.tests.test_exports_and_insights.TestMonthlyTrendsAPI" name="test_monthly_trends_calculation" time="0.163"><failure message="AssertionError: Savings calculation mismatch: {'month': 'Jan', 'income': 98245.0, 'expenses': 203398.02, 'savings': -128153.02}&#10;assert 23000.000000000015 &lt; 1&#10; +  where 23000.000000000015 = abs((-128153.02 - -105153.01999999999))">backend/tests/test_exports_and_insights.py:238: in test_monthly_trends_calculation
    assert abs(trend["savings"] - expected_savings) &lt; 1, f"Savings calculation mismatch: {trend}"
E   AssertionError: Savings calculation mismatch: {'month': 'Jan', 'income': 98245.0, 'expenses': 203398.02, 'savings': -128153.02}
E   assert 23000.000000000015 &lt; 1
E    +  where 23000.000000000015 = abs((-128153.02 - -105153.01999999999))</failure></testcase><testcase classname="backend.tests.test_exports_and_insights.TestSmartAlertsAPI" name="test_get_smart_alerts" time="0.159" /><testcase classname="backend.tests.test_exports_and_insights.TestSmartAlertsAPI" name="test_smart_alerts_has_required_fields" time="0.146" /><testcase classname="backend.tests.test_exports_and_insights.TestDashboardStatsAPI" name="test_dashboard_stats" time="0.141" /><testcase classname="backend.tests.test_exports_and_insights.TestDashboardStatsAPI" name="test_dashboard_stats_with_date_range" time="0.139" /><testcase classname="backend.tests.test_exports_and_insights.TestUnauthorizedAccess" name="test_export_journal_pdf_unauthorized" time="0.170" /><testcase classname="backend.tests.test_exports_and_insights.TestUnauthorizedAccess" name="test_export_journal_excel_unauthorized" time="0.188" /><testcase classname="backend.tests.test_exports_and_insights.TestUnauthorizedAccess" name="test_monthly_trends_unauthorized" time="0.159" /><testcase classname="backend.tests.test_exports_and_insights.TestUnauthorizedAccess" name="test_smart_alerts_unauthorized" time="0.142" /><testcase classname="backend.tests.test_exports_and_insights.TestHealthCheck" name="test_health_endpoint" time="0.153" /></testsuite></testsuites>