<?xml version="1.0" encoding="utf-8"?><testsuites name="pytest tests"><testsuite name="pytest" errors="0" failures="0" skipped="0" tests="10" time="16.536" timestamp="2026-02-17T07:20:01.848051+00:00" hostname="agent-env-94ad106b-1ff7-49b8-b71f-939a514cc086"><testcase classname="backend.tests.test_risk_profile.TestRiskProfileAPIs" name="test_01_get_risk_profile_returns_null_or_object" time="0.637" /><testcase classname="backend.tests.test_risk_profile.TestRiskProfileAPIs" name="test_02_get_risk_profile_requires_auth" time="0.546" /><testcase classname="backend.tests.test_risk_profile.TestRiskProfileAPIs" name="test_03_post_risk_profile_requires_auth" time="0.546" /><testcase classname="backend.tests.test_risk_profile.TestRiskProfileAPIs" name="test_04_post_risk_profile_saves_correctly" time="0.596" /><testcase classname="backend.tests.test_risk_profile.TestRiskProfileAPIs" name="test_05_get_risk_profile_after_save" time="1.265" /><testcase classname="backend.tests.test_risk_profile.TestRiskProfileAPIs" name="test_06_ai_chat_includes_risk_context" time="10.620" /><testcase classname="backend.tests.test_risk_profile.TestRiskProfileAPIs" name="test_07_post_conservative_profile" time="0.468" /><testcase classname="backend.tests.test_risk_profile.TestRiskProfileAPIs" name="test_08_post_aggressive_profile" time="0.511" /><testcase classname="backend.tests.test_risk_profile.TestRiskProfileAPIs" name="test_09_post_replaces_existing_profile" time="0.842" /><testcase classname="backend.tests.test_risk_profile.TestRiskProfileAPIs" name="test_10_restore_moderate_profile_for_ui_tests" time="0.445" /></testsuite></testsuites>