<?xml version="1.0" encoding="utf-8"?><testsuites name="pytest tests"><testsuite name="pytest" errors="0" failures="0" skipped="0" tests="10" time="19.023" timestamp="2026-03-19T14:32:03.851700+00:00" hostname="agent-env-4acdaf5c-934d-4415-a614-7d5f88b2a34f"><testcase classname="tests.test_zerodha_statement_parser.TestZerodhaStatementParser" name="test_01_preview_zerodha_statement" time="0.589" /><testcase classname="tests.test_zerodha_statement_parser.TestZerodhaStatementParser" name="test_02_verify_stock_data" time="0.141" /><testcase classname="tests.test_zerodha_statement_parser.TestZerodhaStatementParser" name="test_03_upload_zerodha_statement" time="0.216" /><testcase classname="tests.test_zerodha_statement_parser.TestZerodhaStatementParser" name="test_04_reupload_duplicate_handling" time="0.181" /><testcase classname="tests.test_zerodha_statement_parser.TestZerodhaStatementParser" name="test_05_holdings_live_after_upload" time="4.004" /><testcase classname="tests.test_zerodha_statement_parser.TestZerodhaStatementParser" name="test_06_portfolio_overview_categories" time="3.737" /><testcase classname="tests.test_zerodha_statement_parser.TestZerodhaStatementParser" name="test_07_investment_summary" time="3.843" /><testcase classname="tests.test_zerodha_statement_parser.TestZerodhaStatementParser" name="test_08_groww_holdings_intact" time="4.584" /><testcase classname="tests.test_zerodha_statement_parser.TestZerodhaStatementParser" name="test_09_sector_field_populated" time="1.492" /><testcase classname="tests.test_zerodha_statement_parser.TestZerodhaStatementParser" name="test_10_upload_requires_auth" time="0.163" /></testsuite></testsuites>