<?xml version="1.0" encoding="utf-8"?><testsuites name="pytest tests"><testsuite name="pytest" errors="0" failures="0" skipped="0" tests="19" time="6.801" timestamp="2026-03-17T04:03:02.020688+00:00" hostname="agent-env-f0cd6a6a-eeb0-4764-8e4c-e494a31ac10d"><testcase classname="tests.test_auth_and_dashboard.TestLoginFlow" name="test_login_success_returns_token_and_user" time="0.355" /><testcase classname="tests.test_auth_and_dashboard.TestLoginFlow" name="test_login_invalid_credentials_returns_401" time="0.110" /><testcase classname="tests.test_auth_and_dashboard.TestLoginFlow" name="test_login_wrong_password_returns_401" time="0.336" /><testcase classname="tests.test_auth_and_dashboard.TestTokenExpiry" name="test_token_expiry_is_30_days" time="0.340" /><testcase classname="tests.test_auth_and_dashboard.TestTokenExpiry" name="test_token_contains_required_claims" time="0.331" /><testcase classname="tests.test_auth_and_dashboard.TestTokenValidation" name="test_missing_token_returns_401" time="0.102" /><testcase classname="tests.test_auth_and_dashboard.TestTokenValidation" name="test_invalid_token_returns_401" time="0.118" /><testcase classname="tests.test_auth_and_dashboard.TestTokenValidation" name="test_malformed_auth_header_returns_401" time="0.112" /><testcase classname="tests.test_auth_and_dashboard.TestTokenValidation" name="test_expired_token_returns_401_with_proper_message" time="0.108" /><testcase classname="tests.test_auth_and_dashboard.TestDashboardStatsWithData" name="test_dashboard_stats_returns_correct_structure" time="0.492" /><testcase classname="tests.test_auth_and_dashboard.TestDashboardStatsWithData" name="test_dashboard_stats_with_date_range" time="0.486" /><testcase classname="tests.test_auth_and_dashboard.TestDashboardStatsWithData" name="test_health_score_has_sufficient_data" time="0.498" /><testcase classname="tests.test_auth_and_dashboard.TestDashboardStatsNoData" name="test_dashboard_stats_no_data_returns_zeros" time="0.465" /><testcase classname="tests.test_auth_and_dashboard.TestDashboardStatsNoData" name="test_health_score_no_data_indicates_insufficient_data" time="0.452" /><testcase classname="tests.test_auth_and_dashboard.TestSmartAlerts" name="test_smart_alerts_returns_200" time="0.445" /><testcase classname="tests.test_auth_and_dashboard.TestSmartAlerts" name="test_smart_alerts_without_auth_returns_401" time="0.451" /><testcase classname="tests.test_auth_and_dashboard.TestMonthlyTrends" name="test_monthly_trends_returns_200" time="0.455" /><testcase classname="tests.test_auth_and_dashboard.TestMonthlyTrends" name="test_monthly_trends_without_auth_returns_401" time="0.599" /><testcase classname="tests.test_auth_and_dashboard.TestHealthScoreEndpoint" name="test_health_score_returns_200" time="0.446" /></testsuite></testsuites>