<?xml version="1.0" encoding="utf-8"?><testsuites name="pytest tests"><testsuite name="pytest" errors="0" failures="0" skipped="0" tests="23" time="5.061" timestamp="2026-02-23T15:51:08.107903+00:00" hostname="agent-env-a5436848-a669-4939-81ea-34f0c27467c7"><testcase classname="backend.tests.test_exports_and_insights.TestAuthentication" name="test_login_success" time="0.359" /><testcase classname="backend.tests.test_exports_and_insights.TestPDFExports" name="test_export_journal_pdf" time="0.616" /><testcase classname="backend.tests.test_exports_and_insights.TestPDFExports" name="test_export_journal_pdf_with_dates" time="0.320" /><testcase classname="backend.tests.test_exports_and_insights.TestPDFExports" name="test_export_pnl_pdf" time="0.120" /><testcase classname="backend.tests.test_exports_and_insights.TestPDFExports" name="test_export_balance_sheet_pdf" time="0.217" /><testcase classname="backend.tests.test_exports_and_insights.TestPDFExports" name="test_export_balance_sheet_pdf_with_date" time="0.123" /><testcase classname="backend.tests.test_exports_and_insights.TestPDFExports" name="test_export_ledger_pdf" time="0.272" /><testcase classname="backend.tests.test_exports_and_insights.TestExcelExports" name="test_export_journal_excel" time="0.253" /><testcase classname="backend.tests.test_exports_and_insights.TestExcelExports" name="test_export_journal_excel_with_dates" time="0.216" /><testcase classname="backend.tests.test_exports_and_insights.TestExcelExports" name="test_export_pnl_excel" time="0.228" /><testcase classname="backend.tests.test_exports_and_insights.TestExcelExports" name="test_export_balance_sheet_excel" time="0.146" /><testcase classname="backend.tests.test_exports_and_insights.TestExcelExports" name="test_export_ledger_excel" time="0.256" /><testcase classname="backend.tests.test_exports_and_insights.TestMonthlyTrendsAPI" name="test_get_monthly_trends" time="0.145" /><testcase classname="backend.tests.test_exports_and_insights.TestMonthlyTrendsAPI" name="test_monthly_trends_calculation" time="0.149" /><testcase classname="backend.tests.test_exports_and_insights.TestSmartAlertsAPI" name="test_get_smart_alerts" time="0.155" /><testcase classname="backend.tests.test_exports_and_insights.TestSmartAlertsAPI" name="test_smart_alerts_has_required_fields" time="0.159" /><testcase classname="backend.tests.test_exports_and_insights.TestDashboardStatsAPI" name="test_dashboard_stats" time="0.184" /><testcase classname="backend.tests.test_exports_and_insights.TestDashboardStatsAPI" name="test_dashboard_stats_with_date_range" time="0.271" /><testcase classname="backend.tests.test_exports_and_insights.TestUnauthorizedAccess" name="test_export_journal_pdf_unauthorized" time="0.222" /><testcase classname="backend.tests.test_exports_and_insights.TestUnauthorizedAccess" name="test_export_journal_excel_unauthorized" time="0.164" /><testcase classname="backend.tests.test_exports_and_insights.TestUnauthorizedAccess" name="test_monthly_trends_unauthorized" time="0.134" /><testcase classname="backend.tests.test_exports_and_insights.TestUnauthorizedAccess" name="test_smart_alerts_unauthorized" time="0.136" /><testcase classname="backend.tests.test_exports_and_insights.TestHealthCheck" name="test_health_endpoint" time="0.127" /></testsuite></testsuites>