<?xml version="1.0" encoding="utf-8"?><testsuites name="pytest tests"><testsuite name="pytest" errors="0" failures="0" skipped="2" tests="12" time="2.337" timestamp="2026-03-19T13:42:32.749568+00:00" hostname="agent-env-4acdaf5c-934d-4415-a614-7d5f88b2a34f"><testcase classname="tests.test_portfolio_holdings_fix.TestPortfolioHoldingsFix" name="test_holdings_live_returns_mutual_fund_holdings" time="0.699" /><testcase classname="tests.test_portfolio_holdings_fix.TestPortfolioHoldingsFix" name="test_portfolio_overview_no_negative_values" time="0.125" /><testcase classname="tests.test_portfolio_holdings_fix.TestPortfolioHoldingsFix" name="test_portfolio_overview_only_mutual_fund_category" time="0.297" /><testcase classname="tests.test_portfolio_holdings_fix.TestPortfolioHoldingsFix" name="test_investment_summary_holdings_count" time="0.174" /><testcase classname="tests.test_portfolio_holdings_fix.TestPortfolioHoldingsFix" name="test_investment_summary_total_invested" time="0.160" /><testcase classname="tests.test_portfolio_holdings_fix.TestPortfolioHoldingsFix" name="test_investment_summary_xirr" time="0.119" /><testcase classname="tests.test_portfolio_holdings_fix.TestPortfolioHoldingsFix" name="test_portfolio_and_investment_summary_consistency" time="0.219" /><testcase classname="tests.test_portfolio_holdings_fix.TestEmptyHoldingsScenario" name="test_portfolio_overview_empty_holdings" time="0.124"><skipped type="pytest.skip" message="Could not create test user: {&quot;detail&quot;:[{&quot;type&quot;:&quot;missing&quot;,&quot;loc&quot;:[&quot;body&quot;,&quot;full_name&quot;],&quot;msg&quot;:&quot;Field required&quot;,&quot;input&quot;:{&quot;email&quot;:&quot;test_empty_44dc3332@test.com&quot;,&quot;password&quot;:&quot;Test@123&quot;,&quot;name&quot;:&quot;Test User Empty&quot;},&quot;url&quot;:&quot;https://errors.pydantic.dev/2.12/v/missing&quot;},{&quot;type&quot;:&quot;missing&quot;,&quot;loc&quot;:[&quot;body&quot;,&quot;dob&quot;],&quot;msg&quot;:&quot;Field required&quot;,&quot;input&quot;:{&quot;email&quot;:&quot;test_empty_44dc3332@test.com&quot;,&quot;password&quot;:&quot;Test@123&quot;,&quot;name&quot;:&quot;Test User Empty&quot;},&quot;url&quot;:&quot;https://errors.pydantic.dev/2.12/v/missing&quot;},{&quot;type&quot;:&quot;missing&quot;,&quot;loc&quot;:[&quot;body&quot;,&quot;pan&quot;],&quot;msg&quot;:&quot;Field required&quot;,&quot;input&quot;:{&quot;email&quot;:&quot;test_empty_44dc3332@test.com&quot;,&quot;password&quot;:&quot;Test@123&quot;,&quot;name&quot;:&quot;Test User Empty&quot;},&quot;url&quot;:&quot;https://errors.pydantic.dev/2.12/v/missing&quot;},{&quot;type&quot;:&quot;missing&quot;,&quot;loc&quot;:[&quot;body&quot;,&quot;aadhaar&quot;],&quot;msg&quot;:&quot;Field required&quot;,&quot;input&quot;:{&quot;email&quot;:&quot;test_empty_44dc3332@test.com&quot;,&quot;password&quot;:&quot;Test@123&quot;,&quot;name&quot;:&quot;Test User Empty&quot;},&quot;url&quot;:&quot;https://errors.pydantic.dev/2.12/v/missing&quot;}]}">/app/backend/tests/test_portfolio_holdings_fix.py:224: Could not create test user: {"detail":[{"type":"missing","loc":["body","full_name"],"msg":"Field required","input":{"email":"test_empty_44dc3332@test.com","password":"Test@123","name":"Test User Empty"},"url":"https://errors.pydantic.dev/2.12/v/missing"},{"type":"missing","loc":["body","dob"],"msg":"Field required","input":{"email":"test_empty_44dc3332@test.com","password":"Test@123","name":"Test User Empty"},"url":"https://errors.pydantic.dev/2.12/v/missing"},{"type":"missing","loc":["body","pan"],"msg":"Field required","input":{"email":"test_empty_44dc3332@test.com","password":"Test@123","name":"Test User Empty"},"url":"https://errors.pydantic.dev/2.12/v/missing"},{"type":"missing","loc":["body","aadhaar"],"msg":"Field required","input":{"email":"test_empty_44dc3332@test.com","password":"Test@123","name":"Test User Empty"},"url":"https://errors.pydantic.dev/2.12/v/missing"}]}</skipped></testcase><testcase classname="tests.test_portfolio_holdings_fix.TestEmptyHoldingsScenario" name="test_investment_summary_empty_holdings" time="0.000"><skipped type="pytest.skip" message="Could not create test user: {&quot;detail&quot;:[{&quot;type&quot;:&quot;missing&quot;,&quot;loc&quot;:[&quot;body&quot;,&quot;full_name&quot;],&quot;msg&quot;:&quot;Field required&quot;,&quot;input&quot;:{&quot;email&quot;:&quot;test_empty_44dc3332@test.com&quot;,&quot;password&quot;:&quot;Test@123&quot;,&quot;name&quot;:&quot;Test User Empty&quot;},&quot;url&quot;:&quot;https://errors.pydantic.dev/2.12/v/missing&quot;},{&quot;type&quot;:&quot;missing&quot;,&quot;loc&quot;:[&quot;body&quot;,&quot;dob&quot;],&quot;msg&quot;:&quot;Field required&quot;,&quot;input&quot;:{&quot;email&quot;:&quot;test_empty_44dc3332@test.com&quot;,&quot;password&quot;:&quot;Test@123&quot;,&quot;name&quot;:&quot;Test User Empty&quot;},&quot;url&quot;:&quot;https://errors.pydantic.dev/2.12/v/missing&quot;},{&quot;type&quot;:&quot;missing&quot;,&quot;loc&quot;:[&quot;body&quot;,&quot;pan&quot;],&quot;msg&quot;:&quot;Field required&quot;,&quot;input&quot;:{&quot;email&quot;:&quot;test_empty_44dc3332@test.com&quot;,&quot;password&quot;:&quot;Test@123&quot;,&quot;name&quot;:&quot;Test User Empty&quot;},&quot;url&quot;:&quot;https://errors.pydantic.dev/2.12/v/missing&quot;},{&quot;type&quot;:&quot;missing&quot;,&quot;loc&quot;:[&quot;body&quot;,&quot;aadhaar&quot;],&quot;msg&quot;:&quot;Field required&quot;,&quot;input&quot;:{&quot;email&quot;:&quot;test_empty_44dc3332@test.com&quot;,&quot;password&quot;:&quot;Test@123&quot;,&quot;name&quot;:&quot;Test User Empty&quot;},&quot;url&quot;:&quot;https://errors.pydantic.dev/2.12/v/missing&quot;}]}">/app/backend/tests/test_portfolio_holdings_fix.py:239: Could not create test user: {"detail":[{"type":"missing","loc":["body","full_name"],"msg":"Field required","input":{"email":"test_empty_44dc3332@test.com","password":"Test@123","name":"Test User Empty"},"url":"https://errors.pydantic.dev/2.12/v/missing"},{"type":"missing","loc":["body","dob"],"msg":"Field required","input":{"email":"test_empty_44dc3332@test.com","password":"Test@123","name":"Test User Empty"},"url":"https://errors.pydantic.dev/2.12/v/missing"},{"type":"missing","loc":["body","pan"],"msg":"Field required","input":{"email":"test_empty_44dc3332@test.com","password":"Test@123","name":"Test User Empty"},"url":"https://errors.pydantic.dev/2.12/v/missing"},{"type":"missing","loc":["body","aadhaar"],"msg":"Field required","input":{"email":"test_empty_44dc3332@test.com","password":"Test@123","name":"Test User Empty"},"url":"https://errors.pydantic.dev/2.12/v/missing"}]}</skipped></testcase><testcase classname="tests.test_portfolio_holdings_fix.TestAPIAuthentication" name="test_portfolio_overview_requires_auth" time="0.110" /><testcase classname="tests.test_portfolio_holdings_fix.TestAPIAuthentication" name="test_investment_summary_requires_auth" time="0.121" /><testcase classname="tests.test_portfolio_holdings_fix.TestAPIAuthentication" name="test_holdings_live_requires_auth" time="0.115" /></testsuite></testsuites>