<?xml version="1.0" encoding="utf-8"?><testsuites name="pytest tests"><testsuite name="pytest" errors="0" failures="1" skipped="0" tests="14" time="6.030" timestamp="2026-04-04T15:45:52.876743+00:00" hostname="agent-env-01fc869d-afa2-47b6-b05e-c6a068d34e3f"><testcase classname="backend.tests.test_tax_phase2_documents.TestTaxPhase2" name="test_tax_meter_endpoint_returns_200" time="0.536" /><testcase classname="backend.tests.test_tax_phase2_documents.TestTaxPhase2" name="test_tax_meter_data_structure" time="0.390" /><testcase classname="backend.tests.test_tax_phase2_documents.TestTaxPhase2" name="test_tax_meter_80c_deduction_values" time="0.389" /><testcase classname="backend.tests.test_tax_phase2_documents.TestTaxPhase2" name="test_tax_documents_list_endpoint" time="0.372" /><testcase classname="backend.tests.test_tax_phase2_documents.TestTaxPhase2" name="test_income_profile_get" time="0.417" /><testcase classname="backend.tests.test_tax_phase2_documents.TestTaxPhase2" name="test_income_profile_post" time="0.382" /><testcase classname="backend.tests.test_tax_phase2_documents.TestTaxPhase2" name="test_salary_profile_get" time="0.444" /><testcase classname="backend.tests.test_tax_phase2_documents.TestTaxPhase2" name="test_salary_profile_post" time="0.399" /><testcase classname="backend.tests.test_tax_phase2_documents.TestTaxPhase2" name="test_hra_calculation_endpoint" time="0.426" /><testcase classname="backend.tests.test_tax_phase2_documents.TestTaxPhase2" name="test_80c_summary_endpoint" time="0.398" /><testcase classname="backend.tests.test_tax_phase2_documents.TestTaxPhase2" name="test_remap_transactions_endpoint" time="0.434" /><testcase classname="backend.tests.test_tax_phase2_documents.TestTaxPhase2" name="test_state_professional_tax_endpoint" time="0.475" /><testcase classname="backend.tests.test_tax_phase2_documents.TestTaxMeterIntegration" name="test_tax_meter_consistent_with_80c_summary" time="0.469"><failure message="AssertionError: 80C used mismatch: meter=43000, summary=64600.0&#10;assert 21600.0 &lt; 1&#10; +  where 21600.0 = abs((43000 - 64600.0))">backend/tests/test_tax_phase2_documents.py:394: in test_tax_meter_consistent_with_80c_summary
    assert abs(meter_80c["used"] - summary_data["total_80c"]) &lt; 1, \
E   AssertionError: 80C used mismatch: meter=43000, summary=64600.0
E   assert 21600.0 &lt; 1
E    +  where 21600.0 = abs((43000 - 64600.0))</failure></testcase><testcase classname="backend.tests.test_tax_phase2_documents.TestTaxMeterIntegration" name="test_tax_meter_regime_recommendation" time="0.387" /></testsuite></testsuites>