<?xml version="1.0" encoding="utf-8"?><testsuites name="pytest tests"><testsuite name="pytest" errors="0" failures="0" skipped="0" tests="28" time="4.944" timestamp="2026-04-04T14:58:30.608383+00:00" hostname="agent-env-3ea1d22e-0089-4351-99e6-9724204f6fb6"><testcase classname="backend.tests.test_tax_enhanced_phase0_phase1.TestIncomeProfile" name="test_get_income_profile_returns_200" time="0.574" /><testcase classname="backend.tests.test_tax_enhanced_phase0_phase1.TestIncomeProfile" name="test_post_income_profile_saves_income_types" time="0.161" /><testcase classname="backend.tests.test_tax_enhanced_phase0_phase1.TestIncomeProfile" name="test_post_income_profile_persists_to_get" time="0.241" /><testcase classname="backend.tests.test_tax_enhanced_phase0_phase1.TestIncomeProfile" name="test_income_profile_requires_auth" time="0.098" /><testcase classname="backend.tests.test_tax_enhanced_phase0_phase1.TestSalaryProfile" name="test_get_salary_profile_returns_200" time="0.109" /><testcase classname="backend.tests.test_tax_enhanced_phase0_phase1.TestSalaryProfile" name="test_post_salary_profile_metro_city" time="0.101" /><testcase classname="backend.tests.test_tax_enhanced_phase0_phase1.TestSalaryProfile" name="test_post_salary_profile_auto_calculates_epf" time="0.102" /><testcase classname="backend.tests.test_tax_enhanced_phase0_phase1.TestSalaryProfile" name="test_post_salary_profile_auto_calculates_prof_tax" time="0.110" /><testcase classname="backend.tests.test_tax_enhanced_phase0_phase1.TestSalaryProfile" name="test_salary_profile_hra_data_structure" time="0.176" /><testcase classname="backend.tests.test_tax_enhanced_phase0_phase1.TestSalaryProfile" name="test_delete_salary_profile" time="0.248" /><testcase classname="backend.tests.test_tax_enhanced_phase0_phase1.TestSalaryProfile" name="test_salary_profile_after_delete_returns_null" time="0.230" /><testcase classname="backend.tests.test_tax_enhanced_phase0_phase1.TestHRACalculation" name="test_hra_calculation_no_profile_returns_null" time="0.212" /><testcase classname="backend.tests.test_tax_enhanced_phase0_phase1.TestHRACalculation" name="test_hra_calculation_with_profile" time="0.202" /><testcase classname="backend.tests.test_tax_enhanced_phase0_phase1.TestHRACalculation" name="test_hra_not_applicable_without_rent" time="0.228" /><testcase classname="backend.tests.test_tax_enhanced_phase0_phase1.TestHRACalculation" name="test_hra_non_metro_uses_40_percent" time="0.216" /><testcase classname="backend.tests.test_tax_enhanced_phase0_phase1.TestSection80CSummary" name="test_80c_summary_returns_200" time="0.122" /><testcase classname="backend.tests.test_tax_enhanced_phase0_phase1.TestSection80CSummary" name="test_80c_summary_limit_is_150000" time="0.106" /><testcase classname="backend.tests.test_tax_enhanced_phase0_phase1.TestSection80CSummary" name="test_80c_summary_nps_limit_is_50000" time="0.103" /><testcase classname="backend.tests.test_tax_enhanced_phase0_phase1.TestSection80CSummary" name="test_80c_summary_status_valid_values" time="0.177" /><testcase classname="backend.tests.test_tax_enhanced_phase0_phase1.TestSection80CSummary" name="test_80c_summary_instruments_list_structure" time="0.110" /><testcase classname="backend.tests.test_tax_enhanced_phase0_phase1.TestSection80CSummary" name="test_80c_includes_epf_from_salary_profile" time="0.248" /><testcase classname="backend.tests.test_tax_enhanced_phase0_phase1.TestSection80CSummary" name="test_80c_remaining_80c_is_consistent" time="0.113" /><testcase classname="backend.tests.test_tax_enhanced_phase0_phase1.TestSection80CSummary" name="test_80c_requires_auth" time="0.116" /><testcase classname="backend.tests.test_tax_enhanced_phase0_phase1.TestRemapTransactions" name="test_remap_transactions_returns_200" time="0.112" /><testcase classname="backend.tests.test_tax_enhanced_phase0_phase1.TestStateProfTax" name="test_maharashtra_prof_tax" time="0.102" /><testcase classname="backend.tests.test_tax_enhanced_phase0_phase1.TestStateProfTax" name="test_delhi_no_prof_tax" time="0.108" /><testcase classname="backend.tests.test_tax_enhanced_phase0_phase1.TestStateProfTax" name="test_tamil_nadu_prof_tax" time="0.116" /><testcase classname="backend.tests.test_tax_enhanced_phase0_phase1" name="test_health_check" time="0.301" /></testsuite></testsuites>