<?xml version="1.0" encoding="utf-8"?><testsuites name="pytest tests"><testsuite name="pytest" errors="0" failures="0" skipped="0" tests="25" time="189.419" timestamp="2026-04-05T06:17:57.562980+00:00" hostname="agent-env-aeb7afff-dde1-4a75-8cbe-433a19adabb5"><testcase classname="backend.tests.test_visor_ai_p0_features.TestHealthCheck" name="test_health_endpoint" time="0.215" /><testcase classname="backend.tests.test_visor_ai_p0_features.TestQueryRouterSimpleQueries" name="test_greeting_uses_mini_model" time="3.269" /><testcase classname="backend.tests.test_visor_ai_p0_features.TestQueryRouterSimpleQueries" name="test_definition_query_uses_mini_model" time="6.159" /><testcase classname="backend.tests.test_visor_ai_p0_features.TestQueryRouterSimpleQueries" name="test_ppf_definition_uses_mini_model" time="6.840" /><testcase classname="backend.tests.test_visor_ai_p0_features.TestQueryRouterSimpleQueries" name="test_price_check_hinglish_uses_mini_model" time="3.714" /><testcase classname="backend.tests.test_visor_ai_p0_features.TestQueryRouterSimpleQueries" name="test_thanks_uses_mini_model" time="3.698" /><testcase classname="backend.tests.test_visor_ai_p0_features.TestQueryRouterComplexQueries" name="test_tax_planning_uses_power_model" time="12.726" /><testcase classname="backend.tests.test_visor_ai_p0_features.TestQueryRouterComplexQueries" name="test_portfolio_review_uses_power_model" time="20.013" /><testcase classname="backend.tests.test_visor_ai_p0_features.TestQueryRouterComplexQueries" name="test_should_i_invest_uses_power_model" time="15.242" /><testcase classname="backend.tests.test_visor_ai_p0_features.TestQueryRouterComplexQueries" name="test_suggest_query_uses_power_model" time="17.820" /><testcase classname="backend.tests.test_visor_ai_p0_features.TestQueryRouterComplexQueries" name="test_tax_saving_hinglish_uses_power_model" time="19.258" /><testcase classname="backend.tests.test_visor_ai_p0_features.TestQueryRouterCalculatorQueries" name="test_sip_calculator_uses_mini_model" time="6.407" /><testcase classname="backend.tests.test_visor_ai_p0_features.TestQueryRouterCalculatorQueries" name="test_emi_calculator_uses_mini_model" time="9.496" /><testcase classname="backend.tests.test_visor_ai_p0_features.TestAIMemoryGet" name="test_memory_endpoint_exists" time="1.451" /><testcase classname="backend.tests.test_visor_ai_p0_features.TestAIMemoryGet" name="test_memory_structure" time="0.047" /><testcase classname="backend.tests.test_visor_ai_p0_features.TestAIMemoryDelete" name="test_memory_delete_endpoint" time="0.048" /><testcase classname="backend.tests.test_visor_ai_p0_features.TestAIMemoryDelete" name="test_memory_empty_after_delete" time="0.089" /><testcase classname="backend.tests.test_visor_ai_p0_features.TestAIMemoryExtraction" name="test_memory_builds_after_chat" time="17.632" /><testcase classname="backend.tests.test_visor_ai_p0_features.TestAIMemoryExtraction" name="test_memory_accumulates_across_conversations" time="38.421" /><testcase classname="backend.tests.test_visor_ai_p0_features.TestVisorAIRegression" name="test_chat_returns_proper_fields" time="1.908" /><testcase classname="backend.tests.test_visor_ai_p0_features.TestVisorAIRegression" name="test_history_endpoint_works" time="1.685" /><testcase classname="backend.tests.test_visor_ai_p0_features.TestVisorAIRegression" name="test_message_delete_endpoint_works" time="3.053" /><testcase classname="backend.tests.test_visor_ai_p0_features.TestVisorAIRegression" name="test_history_clear_endpoint_works" time="0.045" /><testcase classname="backend.tests.test_visor_ai_p0_features.TestAuthentication" name="test_memory_requires_auth" time="0.044" /><testcase classname="backend.tests.test_visor_ai_p0_features.TestAuthentication" name="test_memory_delete_requires_auth" time="0.048" /></testsuite></testsuites>