<?xml version="1.0" encoding="utf-8"?><testsuites name="pytest tests"><testsuite name="pytest" errors="0" failures="0" skipped="0" tests="15" time="2.575" timestamp="2026-02-24T04:05:06.291044+00:00" hostname="agent-env-84db42b2-6434-4f6f-a2c4-685c5ae9f7d5"><testcase classname="backend.tests.test_cc_txn_and_sip.TestAuth" name="test_login" time="0.496" /><testcase classname="backend.tests.test_cc_txn_and_sip.TestCreditCards" name="test_get_credit_cards" time="0.127" /><testcase classname="backend.tests.test_cc_txn_and_sip.TestCCTransactions" name="test_post_expense_transaction" time="0.152" /><testcase classname="backend.tests.test_cc_txn_and_sip.TestCCTransactions" name="test_post_payment_transaction" time="0.105" /><testcase classname="backend.tests.test_cc_txn_and_sip.TestCCTransactions" name="test_post_transaction_missing_card_id" time="0.107" /><testcase classname="backend.tests.test_cc_txn_and_sip.TestCCTransactions" name="test_post_transaction_invalid_card" time="0.114" /><testcase classname="backend.tests.test_cc_txn_and_sip.TestCCTransactions" name="test_post_sip_transaction_gets_flagged" time="0.123" /><testcase classname="backend.tests.test_cc_txn_and_sip.TestCCTransactions" name="test_get_transactions_after_post" time="0.119" /><testcase classname="backend.tests.test_cc_txn_and_sip.TestFlaggedTransactions" name="test_get_flagged_transactions" time="0.112" /><testcase classname="backend.tests.test_cc_txn_and_sip.TestFlaggedTransactions" name="test_flagged_transactions_have_source_field" time="0.131" /><testcase classname="backend.tests.test_cc_txn_and_sip.TestSIPApprovalAndRecurring" name="test_get_recurring" time="0.101" /><testcase classname="backend.tests.test_cc_txn_and_sip.TestSIPApprovalAndRecurring" name="test_recurring_auto_detected_field" time="0.146" /><testcase classname="backend.tests.test_cc_txn_and_sip.TestSIPApprovalAndRecurring" name="test_approve_flagged_sip_creates_recurring" time="0.435" /><testcase classname="backend.tests.test_cc_txn_and_sip.TestRecurringStructure" name="test_recurring_upcoming_field" time="0.117" /><testcase classname="backend.tests.test_cc_txn_and_sip.TestRecurringStructure" name="test_recurring_required_fields" time="0.110" /></testsuite></testsuites>