<?xml version="1.0" encoding="utf-8"?><testsuites name="pytest tests"><testsuite name="pytest" errors="0" failures="0" skipped="0" tests="17" time="4.234" timestamp="2026-02-24T03:33:54.152040+00:00" hostname="agent-env-84db42b2-6434-4f6f-a2c4-685c5ae9f7d5"><testcase classname="backend.tests.test_emi_tracker_cc_summary.TestEMITrackerDashboard" name="test_emi_tracker_dashboard_requires_auth" time="0.259" /><testcase classname="backend.tests.test_emi_tracker_cc_summary.TestEMITrackerDashboard" name="test_emi_tracker_dashboard_success" time="1.918" /><testcase classname="backend.tests.test_emi_tracker_cc_summary.TestEMITrackerDashboard" name="test_emi_tracker_dashboard_structure" time="0.166" /><testcase classname="backend.tests.test_emi_tracker_cc_summary.TestEMITrackerDashboard" name="test_emi_tracker_summary_fields" time="0.118" /><testcase classname="backend.tests.test_emi_tracker_cc_summary.TestEMITrackerDashboard" name="test_emi_tracker_active_emis_structure" time="0.112" /><testcase classname="backend.tests.test_emi_tracker_cc_summary.TestEMITrackerDashboard" name="test_emi_tracker_upcoming_payments_structure" time="0.145" /><testcase classname="backend.tests.test_emi_tracker_cc_summary.TestEMITrackerDashboard" name="test_emi_tracker_no_mongo_id" time="0.125" /><testcase classname="backend.tests.test_emi_tracker_cc_summary.TestDashboardCreditCardSummary" name="test_dashboard_stats_requires_auth" time="0.144" /><testcase classname="backend.tests.test_emi_tracker_cc_summary.TestDashboardCreditCardSummary" name="test_dashboard_stats_success" time="0.137" /><testcase classname="backend.tests.test_emi_tracker_cc_summary.TestDashboardCreditCardSummary" name="test_dashboard_stats_has_credit_card_summary" time="0.123" /><testcase classname="backend.tests.test_emi_tracker_cc_summary.TestDashboardCreditCardSummary" name="test_credit_card_summary_fields" time="0.130" /><testcase classname="backend.tests.test_emi_tracker_cc_summary.TestDashboardCreditCardSummary" name="test_credit_card_summary_numeric_fields" time="0.127" /><testcase classname="backend.tests.test_emi_tracker_cc_summary.TestDashboardCreditCardSummary" name="test_credit_card_summary_utilization_range" time="0.121" /><testcase classname="backend.tests.test_emi_tracker_cc_summary.TestDashboardCreditCardSummary" name="test_dashboard_stats_core_fields" time="0.125" /><testcase classname="backend.tests.test_emi_tracker_cc_summary.TestDashboardCreditCardSummary" name="test_dashboard_no_mongo_id" time="0.133" /><testcase classname="backend.tests.test_emi_tracker_cc_summary.TestCreditCardsAPI" name="test_list_credit_cards" time="0.171" /><testcase classname="backend.tests.test_emi_tracker_cc_summary.TestCreditCardsAPI" name="test_credit_cards_no_mongo_id" time="0.109" /></testsuite></testsuites>