<?xml version="1.0" encoding="utf-8"?><testsuites name="pytest tests"><testsuite name="pytest" errors="0" failures="0" skipped="0" tests="6" time="2.952" timestamp="2026-02-15T14:55:56.983368+00:00" hostname="agent-env-de07e986-d754-4be9-95bd-8c67f6f45af0"><testcase classname="tests.test_dashboard_redesign.TestDashboardRedesign" name="test_dashboard_stats_new_fields" time="0.538" /><testcase classname="tests.test_dashboard_redesign.TestDashboardRedesign" name="test_budget_items_structure" time="0.437" /><testcase classname="tests.test_dashboard_redesign.TestDashboardRedesign" name="test_invest_breakdown_structure" time="0.397" /><testcase classname="tests.test_dashboard_redesign.TestDashboardRedesign" name="test_waterfill_calculations" time="0.512" /><testcase classname="tests.test_dashboard_redesign.TestHealthScoreBreakdown" name="test_health_score_breakdown_structure" time="0.494" /><testcase classname="tests.test_dashboard_redesign.TestHealthScoreBreakdown" name="test_health_score_values" time="0.378" /></testsuite></testsuites>