<?xml version="1.0" encoding="utf-8"?><testsuites name="pytest tests"><testsuite name="pytest" errors="0" failures="0" skipped="0" tests="17" time="5.662" timestamp="2026-02-17T04:59:31.697117+00:00" hostname="agent-env-bffb076f-d237-4a13-a2e8-9c48caf85ee2"><testcase classname="tests.test_transaction_form_improvements.TestTransactionPUTEndpoint" name="test_update_transaction_amount_change" time="1.040" /><testcase classname="tests.test_transaction_form_improvements.TestTransactionPUTEndpoint" name="test_update_transaction_category_change" time="0.287" /><testcase classname="tests.test_transaction_form_improvements.TestTransactionPUTEndpoint" name="test_update_transaction_type_change" time="0.259" /><testcase classname="tests.test_transaction_form_improvements.TestOptionalDescription" name="test_create_transaction_empty_description" time="0.186" /><testcase classname="tests.test_transaction_form_improvements.TestOptionalDescription" name="test_create_transaction_no_description_field" time="0.184" /><testcase classname="tests.test_transaction_form_improvements.TestOptionalDescription" name="test_create_transaction_with_description" time="0.201" /><testcase classname="tests.test_transaction_form_improvements.TestInvestmentBreakdown" name="test_dashboard_stats_has_invest_breakdown" time="0.110" /><testcase classname="tests.test_transaction_form_improvements.TestInvestmentBreakdown" name="test_investment_transaction_appears_in_breakdown" time="0.467" /><testcase classname="tests.test_transaction_form_improvements.TestInvestmentBreakdown" name="test_multiple_investments_same_category_sum" time="0.450" /><testcase classname="tests.test_transaction_form_improvements.TestInvestmentBreakdown" name="test_investment_categories_in_breakdown" time="0.736" /><testcase classname="tests.test_transaction_form_improvements.TestInvestmentTypeCategories" name="test_create_investment_mutual_funds" time="0.289" /><testcase classname="tests.test_transaction_form_improvements.TestInvestmentTypeCategories" name="test_create_investment_sip" time="0.197" /><testcase classname="tests.test_transaction_form_improvements.TestInvestmentTypeCategories" name="test_create_investment_stocks" time="0.171" /><testcase classname="tests.test_transaction_form_improvements.TestInvestmentTypeCategories" name="test_create_investment_etfs" time="0.272" /><testcase classname="tests.test_transaction_form_improvements.TestInvestmentTypeCategories" name="test_create_investment_gold" time="0.220" /><testcase classname="tests.test_transaction_form_improvements.TestInvestmentTypeCategories" name="test_create_investment_silver" time="0.233" /><testcase classname="tests.test_transaction_form_improvements.TestInvestmentTypeCategories" name="test_create_investment_copper" time="0.272" /></testsuite></testsuites>