<?xml version="1.0" encoding="utf-8"?><testsuites name="pytest tests"><testsuite name="pytest" errors="0" failures="6" skipped="0" tests="25" time="4.739" timestamp="2026-02-18T09:52:44.508960+00:00" hostname="agent-env-b05235f4-f7e7-4d76-9d6c-7cbf928f7bfc"><testcase classname="backend.tests.test_market_data_invest_screen.TestMarketDataAPI" name="test_market_data_returns_list" time="0.124" /><testcase classname="backend.tests.test_market_data_invest_screen.TestMarketDataAPI" name="test_market_data_returns_5_items" time="0.108" /><testcase classname="backend.tests.test_market_data_invest_screen.TestMarketDataAPI" name="test_market_data_has_required_keys" time="0.126"><failure message="AssertionError: Missing key 'icon' in market item nifty_50&#10;assert 'icon' in {'change': 102.5, 'change_percent': 0.4, 'key': 'nifty_50', 'last_updated': '2026-02-18T09:51:11.602696+00:00', ...}">backend/tests/test_market_data_invest_screen.py:57: in test_market_data_has_required_keys
    assert key in item, f"Missing key '{key}' in market item {item.get('key')}"
E   AssertionError: Missing key 'icon' in market item nifty_50
E   assert 'icon' in {'change': 102.5, 'change_percent': 0.4, 'key': 'nifty_50', 'last_updated': '2026-02-18T09:51:11.602696+00:00', ...}</failure></testcase><testcase classname="backend.tests.test_market_data_invest_screen.TestMarketDataAPI" name="test_market_data_keys_correct" time="0.144" /><testcase classname="backend.tests.test_market_data_invest_screen.TestMarketDataAPI" name="test_market_data_nifty_50" time="0.110"><failure message="KeyError: 'icon'">backend/tests/test_market_data_invest_screen.py:77: in test_market_data_nifty_50
    assert nifty_50['icon'] == "chart-line"
           ^^^^^^^^^^^^^^^^
E   KeyError: 'icon'</failure></testcase><testcase classname="backend.tests.test_market_data_invest_screen.TestMarketDataAPI" name="test_market_data_sensex" time="0.103"><failure message="KeyError: 'icon'">backend/tests/test_market_data_invest_screen.py:91: in test_market_data_sensex
    assert sensex['icon'] == "chart-areaspline"
           ^^^^^^^^^^^^^^
E   KeyError: 'icon'</failure></testcase><testcase classname="backend.tests.test_market_data_invest_screen.TestMarketDataAPI" name="test_market_data_nifty_bank" time="0.099"><failure message="KeyError: 'icon'">backend/tests/test_market_data_invest_screen.py:102: in test_market_data_nifty_bank
    assert nifty_bank['icon'] == "bank"
           ^^^^^^^^^^^^^^^^^^
E   KeyError: 'icon'</failure></testcase><testcase classname="backend.tests.test_market_data_invest_screen.TestMarketDataAPI" name="test_market_data_gold" time="0.128"><failure message="KeyError: 'icon'">backend/tests/test_market_data_invest_screen.py:112: in test_market_data_gold
    assert gold['icon'] == "diamond-stone"
           ^^^^^^^^^^^^
E   KeyError: 'icon'</failure></testcase><testcase classname="backend.tests.test_market_data_invest_screen.TestMarketDataAPI" name="test_market_data_silver" time="0.119"><failure message="KeyError: 'icon'">backend/tests/test_market_data_invest_screen.py:122: in test_market_data_silver
    assert silver['icon'] == "diamond-outline"
           ^^^^^^^^^^^^^^
E   KeyError: 'icon'</failure></testcase><testcase classname="backend.tests.test_market_data_invest_screen.TestMarketDataAPI" name="test_market_data_no_auth_required" time="0.109" /><testcase classname="backend.tests.test_market_data_invest_screen.TestMarketDataRefreshAPI" name="test_refresh_requires_auth" time="0.100" /><testcase classname="backend.tests.test_market_data_invest_screen.TestMarketDataRefreshAPI" name="test_refresh_with_auth_succeeds" time="0.457" /><testcase classname="backend.tests.test_market_data_invest_screen.TestMarketDataRefreshAPI" name="test_refresh_with_invalid_token" time="0.103" /><testcase classname="backend.tests.test_market_data_invest_screen.TestDashboardStatsForInvestScreen" name="test_dashboard_stats_requires_auth" time="0.105" /><testcase classname="backend.tests.test_market_data_invest_screen.TestDashboardStatsForInvestScreen" name="test_dashboard_stats_returns_invest_breakdown" time="0.494" /><testcase classname="backend.tests.test_market_data_invest_screen.TestDashboardStatsForInvestScreen" name="test_dashboard_stats_total_investments" time="0.121" /><testcase classname="backend.tests.test_market_data_invest_screen.TestDashboardStatsForInvestScreen" name="test_invest_breakdown_matches_total" time="0.109" /><testcase classname="backend.tests.test_market_data_invest_screen.TestDashboardStatsForInvestScreen" name="test_dashboard_stats_has_demo_data" time="0.100" /><testcase classname="backend.tests.test_market_data_invest_screen.TestDashboardStatsForInvestScreen" name="test_dashboard_includes_category_breakdown" time="0.103" /><testcase classname="backend.tests.test_market_data_invest_screen.TestGoalsAPI" name="test_goals_list" time="0.442" /><testcase classname="backend.tests.test_market_data_invest_screen.TestGoalsAPI" name="test_goals_requires_auth" time="0.109" /><testcase classname="backend.tests.test_market_data_invest_screen.TestGoalsAPI" name="test_create_goal" time="0.220" /><testcase classname="backend.tests.test_market_data_invest_screen.TestGoalsAPI" name="test_update_goal" time="0.306" /><testcase classname="backend.tests.test_market_data_invest_screen.TestGoalsAPI" name="test_delete_goal" time="0.356" /><testcase classname="backend.tests.test_market_data_invest_screen.TestAuthLogin" name="test_login_demo_user" time="0.327" /></testsuite></testsuites>