<?xml version="1.0" encoding="utf-8"?><testsuites name="pytest tests"><testsuite name="pytest" errors="0" failures="0" skipped="2" tests="16" time="10.582" timestamp="2026-02-15T05:16:55.884725+00:00" hostname="agent-env-de07e986-d754-4be9-95bd-8c67f6f45af0"><testcase classname="tests.test_visor_apis.TestAuth" name="test_login_with_demo_account" time="0.496" /><testcase classname="tests.test_visor_apis.TestAuth" name="test_login_invalid_credentials" time="0.122" /><testcase classname="tests.test_visor_apis.TestAuth" name="test_register_new_user" time="0.334" /><testcase classname="tests.test_visor_apis.TestAuth" name="test_get_profile" time="0.407" /><testcase classname="tests.test_visor_apis.TestDashboard" name="test_dashboard_stats" time="0.441" /><testcase classname="tests.test_visor_apis.TestDashboard" name="test_health_score" time="0.374" /><testcase classname="tests.test_visor_apis.TestTransactions" name="test_get_transactions" time="0.381" /><testcase classname="tests.test_visor_apis.TestTransactions" name="test_get_transactions_with_filter" time="0.525" /><testcase classname="tests.test_visor_apis.TestTransactions" name="test_create_transaction_and_verify" time="0.447" /><testcase classname="tests.test_visor_apis.TestTransactions" name="test_delete_transaction" time="0.426"><skipped type="pytest.skip" message="Could not create test user: {&quot;detail&quot;:&quot;Email already registered&quot;}">/app/backend/tests/test_visor_apis.py:246: Could not create test user: {"detail":"Email already registered"}</skipped></testcase><testcase classname="tests.test_visor_apis.TestGoals" name="test_get_goals" time="0.393" /><testcase classname="tests.test_visor_apis.TestGoals" name="test_create_goal_and_verify" time="0.755" /><testcase classname="tests.test_visor_apis.TestGoals" name="test_update_goal_and_verify" time="0.448" /><testcase classname="tests.test_visor_apis.TestGoals" name="test_delete_goal" time="0.105"><skipped type="pytest.skip" message="Could not create test user: {&quot;detail&quot;:&quot;Email already registered&quot;}">/app/backend/tests/test_visor_apis.py:369: Could not create test user: {"detail":"Email already registered"}</skipped></testcase><testcase classname="tests.test_visor_apis.TestAIChat" name="test_send_chat_message" time="4.453" /><testcase classname="tests.test_visor_apis.TestAIChat" name="test_get_chat_history" time="0.390" /></testsuite></testsuites>