<?xml version="1.0" encoding="utf-8"?><testsuites name="pytest tests"><testsuite name="pytest" errors="0" failures="0" skipped="0" tests="13" time="9.671" timestamp="2026-02-17T13:39:30.915586+00:00" hostname="agent-env-d2a48441-e833-4690-b86e-5edab520505f"><testcase classname="backend.tests.test_ai_and_recurring.TestAuthentication" name="test_login_success" time="0.493" /><testcase classname="backend.tests.test_ai_and_recurring.TestAIChatEndpoints" name="test_ai_chat_endpoint_exists" time="4.326" /><testcase classname="backend.tests.test_ai_and_recurring.TestAIChatEndpoints" name="test_ai_chat_response_structure" time="2.408" /><testcase classname="backend.tests.test_ai_and_recurring.TestAIChatEndpoints" name="test_ai_history_endpoint" time="0.169" /><testcase classname="backend.tests.test_ai_and_recurring.TestAIChatEndpoints" name="test_ai_history_delete" time="0.149" /><testcase classname="backend.tests.test_ai_and_recurring.TestRecurringTransactions" name="test_recurring_endpoint_exists" time="0.492" /><testcase classname="backend.tests.test_ai_and_recurring.TestRecurringTransactions" name="test_recurring_response_structure" time="0.127" /><testcase classname="backend.tests.test_ai_and_recurring.TestRecurringTransactions" name="test_recurring_items_structure" time="0.142" /><testcase classname="backend.tests.test_ai_and_recurring.TestTransactions" name="test_transactions_endpoint" time="0.495" /><testcase classname="backend.tests.test_ai_and_recurring.TestTransactions" name="test_transaction_structure" time="0.119" /><testcase classname="backend.tests.test_ai_and_recurring.TestTransactions" name="test_investment_transactions_positive_amounts" time="0.119" /><testcase classname="backend.tests.test_ai_and_recurring.TestDashboardStats" name="test_dashboard_stats_endpoint" time="0.450" /><testcase classname="backend.tests.test_ai_and_recurring.TestDashboardStats" name="test_investment_breakdown" time="0.113" /></testsuite></testsuites>