<?xml version="1.0" encoding="utf-8"?><testsuites name="pytest tests"><testsuite name="pytest" errors="0" failures="0" skipped="0" tests="25" time="10.258" timestamp="2026-02-21T06:22:58.204354+00:00" hostname="agent-env-5413dbe5-40f7-4257-b0b5-62f8a40b8a40"><testcase classname="backend.tests.test_phase1_2_bookkeeping.TestAuth" name="test_login" time="0.477" /><testcase classname="backend.tests.test_phase1_2_bookkeeping.TestBankAccountsAPI" name="test_get_banks_list" time="0.101" /><testcase classname="backend.tests.test_phase1_2_bookkeeping.TestBankAccountsAPI" name="test_create_bank_account" time="0.435" /><testcase classname="backend.tests.test_phase1_2_bookkeeping.TestBankAccountsAPI" name="test_get_bank_accounts" time="0.111" /><testcase classname="backend.tests.test_phase1_2_bookkeeping.TestBankAccountsAPI" name="test_update_bank_account" time="0.342" /><testcase classname="backend.tests.test_phase1_2_bookkeeping.TestBankAccountsAPI" name="test_set_default_bank_account" time="0.693" /><testcase classname="backend.tests.test_phase1_2_bookkeeping.TestBankAccountsAPI" name="test_delete_bank_account" time="0.314" /><testcase classname="backend.tests.test_phase1_2_bookkeeping.TestTransactionsWithPaymentMode" name="test_create_transaction_default_payment_mode" time="0.555" /><testcase classname="backend.tests.test_phase1_2_bookkeeping.TestTransactionsWithPaymentMode" name="test_create_income_with_bank_payment" time="0.850" /><testcase classname="backend.tests.test_phase1_2_bookkeeping.TestTransactionsWithPaymentMode" name="test_create_expense_with_cash_payment" time="0.831" /><testcase classname="backend.tests.test_phase1_2_bookkeeping.TestTransactionsWithPaymentMode" name="test_create_investment_transaction" time="0.872" /><testcase classname="backend.tests.test_phase1_2_bookkeeping.TestTransactionsWithPaymentMode" name="test_search_transactions" time="0.317" /><testcase classname="backend.tests.test_phase1_2_bookkeeping.TestTransactionsWithPaymentMode" name="test_delete_transaction_deletes_journal" time="1.450" /><testcase classname="backend.tests.test_phase1_2_bookkeeping.TestJournalAPI" name="test_get_journal_entries" time="0.448" /><testcase classname="backend.tests.test_phase1_2_bookkeeping.TestJournalAPI" name="test_get_journal_with_search" time="0.110" /><testcase classname="backend.tests.test_phase1_2_bookkeeping.TestJournalAPI" name="test_get_journal_with_date_filter" time="0.126" /><testcase classname="backend.tests.test_phase1_2_bookkeeping.TestJournalAPI" name="test_get_journal_accounts" time="0.112" /><testcase classname="backend.tests.test_phase1_2_bookkeeping.TestJournalAPI" name="test_get_journal_accounts_with_search" time="0.099" /><testcase classname="backend.tests.test_phase1_2_bookkeeping.TestJournalAPI" name="test_get_individual_ledger" time="0.201" /><testcase classname="backend.tests.test_phase1_2_bookkeeping.TestBooksAPI" name="test_get_pnl" time="0.468" /><testcase classname="backend.tests.test_phase1_2_bookkeeping.TestBooksAPI" name="test_get_balance_sheet" time="0.108" /><testcase classname="backend.tests.test_phase1_2_bookkeeping.TestBooksAPI" name="test_get_ledger" time="0.098" /><testcase classname="backend.tests.test_phase1_2_bookkeeping.TestBooksAPI" name="test_get_ledger_with_search" time="0.101" /><testcase classname="backend.tests.test_phase1_2_bookkeeping.TestCleanup" name="test_cleanup_test_bank_accounts" time="0.528" /><testcase classname="backend.tests.test_phase1_2_bookkeeping.TestCleanup" name="test_cleanup_test_transactions" time="0.411" /></testsuite></testsuites>