<?xml version="1.0" encoding="utf-8"?><testsuites name="pytest tests"><testsuite name="pytest" errors="0" failures="0" skipped="0" tests="29" time="46.578" timestamp="2026-03-18T10:32:23.558525+00:00" hostname="agent-env-9925d054-78bc-47d0-86a2-55e8e5910769"><testcase classname="tests.test_cc_analytics_phase2.TestAuthRequired" name="test_due_calendar_requires_auth" time="0.263" /><testcase classname="tests.test_cc_analytics_phase2.TestAuthRequired" name="test_interest_calculator_requires_auth" time="0.148" /><testcase classname="tests.test_cc_analytics_phase2.TestAuthRequired" name="test_rewards_tracker_requires_auth" time="0.144" /><testcase classname="tests.test_cc_analytics_phase2.TestAuthRequired" name="test_recommender_requires_auth" time="0.129" /><testcase classname="tests.test_cc_analytics_phase2.TestDueCalendar" name="test_due_calendar_returns_calendar_array" time="0.449" /><testcase classname="tests.test_cc_analytics_phase2.TestDueCalendar" name="test_due_calendar_entry_structure" time="0.061" /><testcase classname="tests.test_cc_analytics_phase2.TestDueCalendar" name="test_due_calendar_reminders_format" time="0.063" /><testcase classname="tests.test_cc_analytics_phase2.TestDueCalendar" name="test_due_calendar_sorted_by_days_until" time="0.083" /><testcase classname="tests.test_cc_analytics_phase2.TestInterestCalculator" name="test_interest_calculator_basic" time="0.064" /><testcase classname="tests.test_cc_analytics_phase2.TestInterestCalculator" name="test_interest_calculator_summary_structure" time="0.064" /><testcase classname="tests.test_cc_analytics_phase2.TestInterestCalculator" name="test_interest_calculator_schedule_entries" time="0.062" /><testcase classname="tests.test_cc_analytics_phase2.TestInterestCalculator" name="test_interest_calculator_zero_outstanding" time="0.060" /><testcase classname="tests.test_cc_analytics_phase2.TestInterestCalculator" name="test_interest_calculator_with_card_id" time="0.132" /><testcase classname="tests.test_cc_analytics_phase2.TestInterestCalculator" name="test_interest_calculator_custom_rate" time="0.060" /><testcase classname="tests.test_cc_analytics_phase2.TestRewardsTracker" name="test_rewards_tracker_basic" time="0.060" /><testcase classname="tests.test_cc_analytics_phase2.TestRewardsTracker" name="test_rewards_tracker_card_breakdown" time="0.061" /><testcase classname="tests.test_cc_analytics_phase2.TestRewardsTracker" name="test_rewards_tracker_categories" time="0.062" /><testcase classname="tests.test_cc_analytics_phase2.TestRewardsTracker" name="test_rewards_tracker_monthly_trend" time="0.079" /><testcase classname="tests.test_cc_analytics_phase2.TestRewardsTracker" name="test_rewards_totals_match_sum" time="0.065" /><testcase classname="tests.test_cc_analytics_phase2.TestCardRecommender" name="test_recommender_basic" time="7.315" /><testcase classname="tests.test_cc_analytics_phase2.TestCardRecommender" name="test_recommender_recommendation_structure" time="1.807" /><testcase classname="tests.test_cc_analytics_phase2.TestCardRecommender" name="test_recommender_ranked_by_score" time="2.070" /><testcase classname="tests.test_cc_analytics_phase2.TestCardRecommender" name="test_recommender_ai_recommendation_text" time="1.141" /><testcase classname="tests.test_cc_analytics_phase2.TestCardRecommender" name="test_recommender_best_card_matches_first" time="3.823" /><testcase classname="tests.test_cc_analytics_phase2.TestCardRecommender" name="test_recommender_transaction_echo" time="2.252" /><testcase classname="tests.test_cc_analytics_phase2.TestCardRecommender" name="test_recommender_different_categories" time="20.484" /><testcase classname="tests.test_cc_analytics_phase2.TestCardRecommender" name="test_recommender_no_active_cards" time="1.776" /><testcase classname="tests.test_cc_analytics_phase2.TestCCAnalyticsIntegration" name="test_all_endpoints_work_together" time="1.955" /><testcase classname="tests.test_cc_analytics_phase2.TestCCAnalyticsIntegration" name="test_card_ids_consistent_across_endpoints" time="1.740" /></testsuite></testsuites>