<?xml version="1.0" encoding="utf-8"?><testsuites name="pytest tests"><testsuite name="pytest" errors="0" failures="0" skipped="0" tests="34" time="6.980" timestamp="2026-02-21T05:47:30.177488+00:00" hostname="agent-env-5413dbe5-40f7-4257-b0b5-62f8a40b8a40"><testcase classname="backend.tests.test_modular_refactor.TestAuthModule" name="test_login_success" time="0.383" /><testcase classname="backend.tests.test_modular_refactor.TestAuthModule" name="test_login_invalid_credentials" time="0.148" /><testcase classname="backend.tests.test_modular_refactor.TestAuthModule" name="test_profile_without_auth" time="0.118" /><testcase classname="backend.tests.test_modular_refactor.TestAuthModule" name="test_profile_with_auth" time="0.431" /><testcase classname="backend.tests.test_modular_refactor.TestTransactionsModule" name="test_get_transactions" time="0.111" /><testcase classname="backend.tests.test_modular_refactor.TestTransactionsModule" name="test_get_transactions_with_filter" time="0.111" /><testcase classname="backend.tests.test_modular_refactor.TestTransactionsModule" name="test_create_transaction" time="0.130" /><testcase classname="backend.tests.test_modular_refactor.TestTransactionsModule" name="test_transaction_crud_flow" time="0.551" /><testcase classname="backend.tests.test_modular_refactor.TestGoalsModule" name="test_get_goals" time="0.105" /><testcase classname="backend.tests.test_modular_refactor.TestGoalsModule" name="test_goals_crud_flow" time="0.425" /><testcase classname="backend.tests.test_modular_refactor.TestDashboardModule" name="test_dashboard_stats" time="0.108" /><testcase classname="backend.tests.test_modular_refactor.TestDashboardModule" name="test_dashboard_stats_with_date_range" time="0.115" /><testcase classname="backend.tests.test_modular_refactor.TestDashboardModule" name="test_health_score" time="0.134" /><testcase classname="backend.tests.test_modular_refactor.TestTaxModule" name="test_tax_summary" time="0.112" /><testcase classname="backend.tests.test_modular_refactor.TestTaxModule" name="test_capital_gains" time="0.135" /><testcase classname="backend.tests.test_modular_refactor.TestTaxModule" name="test_tax_calculator" time="0.103" /><testcase classname="backend.tests.test_modular_refactor.TestTaxModule" name="test_tax_calculator_with_fy" time="0.106" /><testcase classname="backend.tests.test_modular_refactor.TestHoldingsModule" name="test_get_holdings" time="0.112" /><testcase classname="backend.tests.test_modular_refactor.TestHoldingsModule" name="test_holdings_crud_flow" time="0.749" /><testcase classname="backend.tests.test_modular_refactor.TestLoansModule" name="test_get_loans" time="0.104" /><testcase classname="backend.tests.test_modular_refactor.TestLoansModule" name="test_loans_crud_flow" time="0.435" /><testcase classname="backend.tests.test_modular_refactor.TestRecurringModule" name="test_get_recurring" time="0.115" /><testcase classname="backend.tests.test_modular_refactor.TestRecurringModule" name="test_recurring_crud_flow" time="0.601" /><testcase classname="backend.tests.test_modular_refactor.TestMarketDataModule" name="test_get_market_data" time="0.113" /><testcase classname="backend.tests.test_modular_refactor.TestMarketDataModule" name="test_market_data_refresh" time="0.097" /><testcase classname="backend.tests.test_modular_refactor.TestPortfolioModule" name="test_portfolio_overview" time="0.108" /><testcase classname="backend.tests.test_modular_refactor.TestAssetsModule" name="test_get_assets" time="0.104" /><testcase classname="backend.tests.test_modular_refactor.TestAssetsModule" name="test_assets_crud_flow" time="0.347" /><testcase classname="backend.tests.test_modular_refactor.TestRiskProfileModule" name="test_get_risk_profile" time="0.103" /><testcase classname="backend.tests.test_modular_refactor.TestRiskProfileModule" name="test_save_risk_profile" time="0.122" /><testcase classname="backend.tests.test_modular_refactor.TestBookkeepingModule" name="test_get_ledger" time="0.124" /><testcase classname="backend.tests.test_modular_refactor.TestBookkeepingModule" name="test_get_pnl" time="0.105" /><testcase classname="backend.tests.test_modular_refactor.TestBookkeepingModule" name="test_get_balance_sheet" time="0.102" /><testcase classname="backend.tests.test_modular_refactor.TestHealthEndpoint" name="test_health_check" time="0.102" /></testsuite></testsuites>