<?xml version="1.0" encoding="utf-8"?><testsuites name="pytest tests"><testsuite name="pytest" errors="0" failures="0" skipped="0" tests="11" time="8.247" timestamp="2026-03-20T05:15:45.700595+00:00" hostname="agent-env-158f42de-c5cb-4e46-8f05-1a201043ce7a"><testcase classname="backend.tests.test_live_prices_sip_suggestions.TestLivePriceRefresh" name="test_01_get_holdings_before_refresh" time="0.941" /><testcase classname="backend.tests.test_live_prices_sip_suggestions.TestLivePriceRefresh" name="test_02_refresh_prices_endpoint" time="4.473" /><testcase classname="backend.tests.test_live_prices_sip_suggestions.TestLivePriceRefresh" name="test_03_get_holdings_after_refresh" time="0.290" /><testcase classname="backend.tests.test_live_prices_sip_suggestions.TestLivePriceRefresh" name="test_04_portfolio_overview_reflects_updated_values" time="0.526" /><testcase classname="backend.tests.test_live_prices_sip_suggestions.TestSIPSuggestions" name="test_05_get_sip_suggestions" time="0.477" /><testcase classname="backend.tests.test_live_prices_sip_suggestions.TestSIPSuggestions" name="test_06_approve_sip_suggestion" time="0.141" /><testcase classname="backend.tests.test_live_prices_sip_suggestions.TestSIPSuggestions" name="test_07_verify_approved_suggestion_removed_from_pending" time="0.130" /><testcase classname="backend.tests.test_live_prices_sip_suggestions.TestSIPSuggestions" name="test_08_decline_sip_suggestion" time="0.472" /><testcase classname="backend.tests.test_live_prices_sip_suggestions.TestSIPSuggestions" name="test_09_decline_nonexistent_suggestion_returns_404" time="0.096" /><testcase classname="backend.tests.test_live_prices_sip_suggestions.TestEdgeCases" name="test_10_refresh_prices_unauthenticated" time="0.532" /><testcase classname="backend.tests.test_live_prices_sip_suggestions.TestEdgeCases" name="test_11_sip_suggestions_unauthenticated" time="0.102" /></testsuite></testsuites>