<?xml version="1.0" encoding="utf-8"?><testsuites name="pytest tests"><testsuite name="pytest" errors="0" failures="0" skipped="0" tests="15" time="5.508" timestamp="2026-02-17T06:58:59.933013+00:00" hostname="agent-env-94ad106b-1ff7-49b8-b71f-939a514cc086"><testcase classname="backend.tests.test_holdings_invest.TestAuth" name="test_login_success" time="0.478" /><testcase classname="backend.tests.test_holdings_invest.TestHoldingsCRUD" name="test_get_holdings" time="0.596" /><testcase classname="backend.tests.test_holdings_invest.TestHoldingsCRUD" name="test_get_holdings_live" time="0.710" /><testcase classname="backend.tests.test_holdings_invest.TestHoldingsCRUD" name="test_create_holding" time="0.104" /><testcase classname="backend.tests.test_holdings_invest.TestHoldingsCRUD" name="test_verify_created_holding_in_list" time="0.136" /><testcase classname="backend.tests.test_holdings_invest.TestHoldingsCRUD" name="test_verify_created_holding_in_live" time="0.708" /><testcase classname="backend.tests.test_holdings_invest.TestHoldingsCRUD" name="test_delete_holding" time="0.167" /><testcase classname="backend.tests.test_holdings_invest.TestHoldingsCRUD" name="test_verify_deleted_holding" time="0.100" /><testcase classname="backend.tests.test_holdings_invest.TestPortfolioOverview" name="test_portfolio_overview" time="0.758" /><testcase classname="backend.tests.test_holdings_invest.TestPortfolioOverview" name="test_portfolio_includes_holdings_data" time="0.580" /><testcase classname="backend.tests.test_holdings_invest.TestMarketData" name="test_get_market_data" time="0.107" /><testcase classname="backend.tests.test_holdings_invest.TestHoldingsWithAuth" name="test_holdings_without_auth" time="0.142" /><testcase classname="backend.tests.test_holdings_invest.TestHoldingsWithAuth" name="test_holdings_live_without_auth" time="0.163" /><testcase classname="backend.tests.test_holdings_invest.TestHoldingsWithAuth" name="test_portfolio_overview_without_auth" time="0.122" /><testcase classname="backend.tests.test_holdings_invest.TestSeededHoldings" name="test_seeded_holdings_exist" time="0.552" /></testsuite></testsuites>