<?xml version="1.0" encoding="utf-8"?><testsuites name="pytest tests"><testsuite name="pytest" errors="0" failures="2" skipped="0" tests="18" time="6.099" timestamp="2026-02-17T10:34:04.584449+00:00" hostname="agent-env-4af0f522-14a6-444c-9eff-bad01153ab3a"><testcase classname="backend.tests.test_recurring_sips.TestRecurringTransactionsAuth" name="test_get_recurring_requires_auth" time="0.174" /><testcase classname="backend.tests.test_recurring_sips.TestRecurringTransactionsAuth" name="test_post_recurring_requires_auth" time="0.103" /><testcase classname="backend.tests.test_recurring_sips.TestRecurringTransactionsCRUD" name="test_get_recurring_list" time="0.535" /><testcase classname="backend.tests.test_recurring_sips.TestRecurringTransactionsCRUD" name="test_create_recurring_sip" time="0.102" /><testcase classname="backend.tests.test_recurring_sips.TestRecurringTransactionsCRUD" name="test_create_recurring_ppf" time="0.167" /><testcase classname="backend.tests.test_recurring_sips.TestRecurringTransactionsCRUD" name="test_create_recurring_quarterly" time="0.111" /><testcase classname="backend.tests.test_recurring_sips.TestRecurringTransactionsCRUD" name="test_update_recurring" time="0.378" /><testcase classname="backend.tests.test_recurring_sips.TestRecurringTransactionsCRUD" name="test_update_nonexistent_recurring" time="0.102" /><testcase classname="backend.tests.test_recurring_sips.TestRecurringTransactionsCRUD" name="test_delete_recurring" time="0.315" /><testcase classname="backend.tests.test_recurring_sips.TestRecurringTransactionsCRUD" name="test_delete_nonexistent_recurring" time="0.155" /><testcase classname="backend.tests.test_recurring_sips.TestRecurringTransactionsActions" name="test_pause_recurring" time="0.526" /><testcase classname="backend.tests.test_recurring_sips.TestRecurringTransactionsActions" name="test_resume_recurring" time="0.501" /><testcase classname="backend.tests.test_recurring_sips.TestRecurringTransactionsActions" name="test_execute_recurring" time="0.398"><failure message="assert None is not None">backend/tests/test_recurring_sips.py:356: in test_execute_recurring
    assert created_txn is not None
E   assert None is not None</failure></testcase><testcase classname="backend.tests.test_recurring_sips.TestRecurringTransactionsActions" name="test_execute_nonexistent_recurring" time="0.176" /><testcase classname="backend.tests.test_recurring_sips.TestRecurringTransactionsActions" name="test_pause_nonexistent_recurring" time="0.099" /><testcase classname="backend.tests.test_recurring_sips.TestRecurringSummaryCalculations" name="test_monthly_commitment_calculation" time="0.108"><failure message="assert 240625.0 &lt; 1&#10; +  where 240625.0 = abs((311458.33 - 70833.33))&#10; +    where 70833.33 = round(70833.33333333334, 2)">backend/tests/test_recurring_sips.py:420: in test_monthly_commitment_calculation
    assert abs(summary["monthly_commitment"] - round(expected_monthly, 2)) &lt; 1
E   assert 240625.0 &lt; 1
E    +  where 240625.0 = abs((311458.33 - 70833.33))
E    +    where 70833.33 = round(70833.33333333334, 2)</failure></testcase><testcase classname="backend.tests.test_recurring_sips.TestRecurringSummaryCalculations" name="test_active_count_accuracy" time="0.129" /><testcase classname="backend.tests.test_recurring_sips.TestCleanup" name="test_cleanup_test_sips" time="1.913" /></testsuite></testsuites>