<?xml version="1.0" encoding="utf-8"?><testsuites name="pytest tests"><testsuite name="pytest" errors="0" failures="1" skipped="0" tests="34" time="9.146" timestamp="2026-02-21T05:46:21.182250+00:00" hostname="agent-env-5413dbe5-40f7-4257-b0b5-62f8a40b8a40"><testcase classname="backend.tests.test_modular_refactor.TestAuthModule" name="test_login_success" time="0.378" /><testcase classname="backend.tests.test_modular_refactor.TestAuthModule" name="test_login_invalid_credentials" time="0.107" /><testcase classname="backend.tests.test_modular_refactor.TestAuthModule" name="test_profile_without_auth" time="0.141" /><testcase classname="backend.tests.test_modular_refactor.TestAuthModule" name="test_profile_with_auth" time="0.494" /><testcase classname="backend.tests.test_modular_refactor.TestTransactionsModule" name="test_get_transactions" time="0.164" /><testcase classname="backend.tests.test_modular_refactor.TestTransactionsModule" name="test_get_transactions_with_filter" time="0.126" /><testcase classname="backend.tests.test_modular_refactor.TestTransactionsModule" name="test_create_transaction" time="0.106" /><testcase classname="backend.tests.test_modular_refactor.TestTransactionsModule" name="test_transaction_crud_flow" time="0.616" /><testcase classname="backend.tests.test_modular_refactor.TestGoalsModule" name="test_get_goals" time="0.138" /><testcase classname="backend.tests.test_modular_refactor.TestGoalsModule" name="test_goals_crud_flow" time="0.480" /><testcase classname="backend.tests.test_modular_refactor.TestDashboardModule" name="test_dashboard_stats" time="0.111" /><testcase classname="backend.tests.test_modular_refactor.TestDashboardModule" name="test_dashboard_stats_with_date_range" time="0.105" /><testcase classname="backend.tests.test_modular_refactor.TestDashboardModule" name="test_health_score" time="0.109" /><testcase classname="backend.tests.test_modular_refactor.TestTaxModule" name="test_tax_summary" time="0.113" /><testcase classname="backend.tests.test_modular_refactor.TestTaxModule" name="test_capital_gains" time="0.109" /><testcase classname="backend.tests.test_modular_refactor.TestTaxModule" name="test_tax_calculator" time="0.114" /><testcase classname="backend.tests.test_modular_refactor.TestTaxModule" name="test_tax_calculator_with_fy" time="0.102" /><testcase classname="backend.tests.test_modular_refactor.TestHoldingsModule" name="test_get_holdings" time="0.115" /><testcase classname="backend.tests.test_modular_refactor.TestHoldingsModule" name="test_holdings_crud_flow" time="0.671" /><testcase classname="backend.tests.test_modular_refactor.TestLoansModule" name="test_get_loans" time="0.114" /><testcase classname="backend.tests.test_modular_refactor.TestLoansModule" name="test_loans_crud_flow" time="0.493" /><testcase classname="backend.tests.test_modular_refactor.TestRecurringModule" name="test_get_recurring" time="0.111" /><testcase classname="backend.tests.test_modular_refactor.TestRecurringModule" name="test_recurring_crud_flow" time="0.612" /><testcase classname="backend.tests.test_modular_refactor.TestMarketDataModule" name="test_get_market_data" time="1.799" /><testcase classname="backend.tests.test_modular_refactor.TestMarketDataModule" name="test_market_data_refresh" time="0.136" /><testcase classname="backend.tests.test_modular_refactor.TestPortfolioModule" name="test_portfolio_overview" time="0.120" /><testcase classname="backend.tests.test_modular_refactor.TestAssetsModule" name="test_get_assets" time="0.130" /><testcase classname="backend.tests.test_modular_refactor.TestAssetsModule" name="test_assets_crud_flow" time="0.404" /><testcase classname="backend.tests.test_modular_refactor.TestRiskProfileModule" name="test_get_risk_profile" time="0.189" /><testcase classname="backend.tests.test_modular_refactor.TestRiskProfileModule" name="test_save_risk_profile" time="0.114"><failure message="assert 422 == 200&#10; +  where 422 = &lt;Response [422]&gt;.status_code">backend/tests/test_modular_refactor.py:521: in test_save_risk_profile
    assert response.status_code == 200
E   assert 422 == 200
E    +  where 422 = &lt;Response [422]&gt;.status_code</failure></testcase><testcase classname="backend.tests.test_modular_refactor.TestBookkeepingModule" name="test_get_ledger" time="0.128" /><testcase classname="backend.tests.test_modular_refactor.TestBookkeepingModule" name="test_get_pnl" time="0.125" /><testcase classname="backend.tests.test_modular_refactor.TestBookkeepingModule" name="test_get_balance_sheet" time="0.104" /><testcase classname="backend.tests.test_modular_refactor.TestHealthEndpoint" name="test_health_check" time="0.117" /></testsuite></testsuites>