<?xml version="1.0" encoding="utf-8"?><testsuites name="pytest tests"><testsuite name="pytest" errors="0" failures="0" skipped="0" tests="23" time="10.146" timestamp="2026-04-05T15:00:53.907246+00:00" hostname="agent-env-19d90dd1-ac7a-4b25-bc9e-1fe2cf332aae"><testcase classname="tests.test_experience_mode.TestExperienceModeAPIs" name="test_get_experience_mode" time="0.463" /><testcase classname="tests.test_experience_mode.TestExperienceModeAPIs" name="test_get_mode_requires_auth" time="0.430" /><testcase classname="tests.test_experience_mode.TestExperienceModeAPIs" name="test_update_mode_to_plus" time="0.384" /><testcase classname="tests.test_experience_mode.TestExperienceModeAPIs" name="test_update_mode_to_full" time="0.383" /><testcase classname="tests.test_experience_mode.TestExperienceModeAPIs" name="test_update_mode_to_essential" time="0.454" /><testcase classname="tests.test_experience_mode.TestExperienceModeAPIs" name="test_update_mode_invalid" time="0.407" /><testcase classname="tests.test_experience_mode.TestExperienceModeAPIs" name="test_update_mode_requires_auth" time="0.421" /><testcase classname="tests.test_experience_mode.TestExperienceModeAPIs" name="test_essential_snapshot" time="0.368" /><testcase classname="tests.test_experience_mode.TestExperienceModeAPIs" name="test_essential_snapshot_requires_auth" time="0.427" /><testcase classname="tests.test_experience_mode.TestExperienceModeAPIs" name="test_essential_alerts" time="0.376" /><testcase classname="tests.test_experience_mode.TestExperienceModeAPIs" name="test_essential_alerts_requires_auth" time="0.530" /><testcase classname="tests.test_experience_mode.TestExperienceModeAPIs" name="test_essential_brief" time="0.404" /><testcase classname="tests.test_experience_mode.TestExperienceModeAPIs" name="test_essential_brief_requires_auth" time="0.442" /><testcase classname="tests.test_experience_mode.TestExperienceModeAPIs" name="test_get_all_modes" time="0.385" /><testcase classname="tests.test_experience_mode.TestExperienceModeAPIs" name="test_feature_access_check" time="0.414" /><testcase classname="tests.test_experience_mode.TestExperienceModeAPIs" name="test_get_all_features" time="0.371" /><testcase classname="tests.test_experience_mode.TestModeSwitchingFlow" name="test_mode_switch_essential_to_plus_to_full" time="0.608" /><testcase classname="tests.test_experience_mode.TestModeSwitchingFlow" name="test_feature_availability_changes_with_mode" time="0.536" /><testcase classname="tests.test_experience_mode.TestModeSwitchingFlow" name="test_bookkeeping_only_in_full_mode" time="0.499" /><testcase classname="tests.test_experience_mode.TestEssentialModeFeatures" name="test_essential_mode_has_ai_chat" time="0.468" /><testcase classname="tests.test_experience_mode.TestEssentialModeFeatures" name="test_essential_mode_has_bank_import" time="0.426" /><testcase classname="tests.test_experience_mode.TestEssentialModeFeatures" name="test_essential_mode_no_tax_module" time="0.415" /><testcase classname="tests.test_experience_mode.TestEssentialModeFeatures" name="test_essential_mode_no_bookkeeping" time="0.446" /></testsuite></testsuites>