<?xml version="1.0" encoding="utf-8"?><testsuites name="pytest tests"><testsuite name="pytest" errors="0" failures="0" skipped="0" tests="49" time="23.374" timestamp="2026-02-21T05:48:54.510461+00:00" hostname="agent-env-5413dbe5-40f7-4257-b0b5-62f8a40b8a40"><testcase classname="backend.tests.test_modular_refactor.TestAuthModule" name="test_login_success" time="0.353" /><testcase classname="backend.tests.test_modular_refactor.TestAuthModule" name="test_login_invalid_credentials" time="0.107" /><testcase classname="backend.tests.test_modular_refactor.TestAuthModule" name="test_profile_without_auth" time="0.122" /><testcase classname="backend.tests.test_modular_refactor.TestAuthModule" name="test_profile_with_auth" time="0.421" /><testcase classname="backend.tests.test_modular_refactor.TestTransactionsModule" name="test_get_transactions" time="0.099" /><testcase classname="backend.tests.test_modular_refactor.TestTransactionsModule" name="test_get_transactions_with_filter" time="0.118" /><testcase classname="backend.tests.test_modular_refactor.TestTransactionsModule" name="test_create_transaction" time="0.105" /><testcase classname="backend.tests.test_modular_refactor.TestTransactionsModule" name="test_transaction_crud_flow" time="0.645" /><testcase classname="backend.tests.test_modular_refactor.TestGoalsModule" name="test_get_goals" time="0.110" /><testcase classname="backend.tests.test_modular_refactor.TestGoalsModule" name="test_goals_crud_flow" time="0.433" /><testcase classname="backend.tests.test_modular_refactor.TestDashboardModule" name="test_dashboard_stats" time="0.118" /><testcase classname="backend.tests.test_modular_refactor.TestDashboardModule" name="test_dashboard_stats_with_date_range" time="0.099" /><testcase classname="backend.tests.test_modular_refactor.TestDashboardModule" name="test_health_score" time="0.098" /><testcase classname="backend.tests.test_modular_refactor.TestTaxModule" name="test_tax_summary" time="0.106" /><testcase classname="backend.tests.test_modular_refactor.TestTaxModule" name="test_capital_gains" time="0.099" /><testcase classname="backend.tests.test_modular_refactor.TestTaxModule" name="test_tax_calculator" time="0.104" /><testcase classname="backend.tests.test_modular_refactor.TestTaxModule" name="test_tax_calculator_with_fy" time="0.105" /><testcase classname="backend.tests.test_modular_refactor.TestHoldingsModule" name="test_get_holdings" time="0.113" /><testcase classname="backend.tests.test_modular_refactor.TestHoldingsModule" name="test_holdings_crud_flow" time="0.755" /><testcase classname="backend.tests.test_modular_refactor.TestLoansModule" name="test_get_loans" time="0.109" /><testcase classname="backend.tests.test_modular_refactor.TestLoansModule" name="test_loans_crud_flow" time="0.443" /><testcase classname="backend.tests.test_modular_refactor.TestRecurringModule" name="test_get_recurring" time="0.146" /><testcase classname="backend.tests.test_modular_refactor.TestRecurringModule" name="test_recurring_crud_flow" time="0.575" /><testcase classname="backend.tests.test_modular_refactor.TestMarketDataModule" name="test_get_market_data" time="0.123" /><testcase classname="backend.tests.test_modular_refactor.TestMarketDataModule" name="test_market_data_refresh" time="0.107" /><testcase classname="backend.tests.test_modular_refactor.TestPortfolioModule" name="test_portfolio_overview" time="0.116" /><testcase classname="backend.tests.test_modular_refactor.TestAssetsModule" name="test_get_assets" time="0.116" /><testcase classname="backend.tests.test_modular_refactor.TestAssetsModule" name="test_assets_crud_flow" time="0.414" /><testcase classname="backend.tests.test_modular_refactor.TestRiskProfileModule" name="test_get_risk_profile" time="0.138" /><testcase classname="backend.tests.test_modular_refactor.TestRiskProfileModule" name="test_save_risk_profile" time="0.153" /><testcase classname="backend.tests.test_modular_refactor.TestBookkeepingModule" name="test_get_ledger" time="0.121" /><testcase classname="backend.tests.test_modular_refactor.TestBookkeepingModule" name="test_get_pnl" time="0.134" /><testcase classname="backend.tests.test_modular_refactor.TestBookkeepingModule" name="test_get_balance_sheet" time="0.138" /><testcase classname="backend.tests.test_modular_refactor.TestHealthEndpoint" name="test_health_check" time="0.105" /><testcase classname="backend.tests.test_full_regression.TestAuthRegister" name="test_register_new_user" time="0.342" /><testcase classname="backend.tests.test_full_regression.TestAuthRegister" name="test_register_duplicate_email" time="0.116" /><testcase classname="backend.tests.test_full_regression.TestAuthRegister" name="test_register_invalid_pan" time="0.116" /><testcase classname="backend.tests.test_full_regression.TestAuthRegister" name="test_register_invalid_aadhaar" time="0.108" /><testcase classname="backend.tests.test_full_regression.TestAIChatModule" name="test_ai_chat_basic" time="2.287" /><testcase classname="backend.tests.test_full_regression.TestAIChatModule" name="test_ai_chat_with_screen_context" time="9.192" /><testcase classname="backend.tests.test_full_regression.TestAIChatModule" name="test_ai_history" time="0.121" /><testcase classname="backend.tests.test_full_regression.TestAIChatModule" name="test_ai_chat_without_auth" time="0.093" /><testcase classname="backend.tests.test_full_regression.TestUserTaxDeductionsModule" name="test_get_user_tax_deductions" time="0.120" /><testcase classname="backend.tests.test_full_regression.TestUserTaxDeductionsModule" name="test_user_tax_deduction_crud" time="0.584" /><testcase classname="backend.tests.test_full_regression.TestUserTaxDeductionsModule" name="test_duplicate_deduction_id_returns_400" time="0.326" /><testcase classname="backend.tests.test_full_regression.TestUserTaxDeductionsModule" name="test_update_nonexistent_returns_404" time="0.101" /><testcase classname="backend.tests.test_full_regression.TestAutoTaxDeductionsModule" name="test_get_auto_tax_deductions" time="0.113" /><testcase classname="backend.tests.test_full_regression.TestAutoTaxDeductionsModule" name="test_get_auto_tax_deductions_with_fy" time="0.113" /><testcase classname="backend.tests.test_full_regression.TestAllEndpointsExist" name="test_all_required_endpoints" time="2.521" /></testsuite></testsuites>