<?xml version="1.0" encoding="utf-8"?><testsuites name="pytest tests"><testsuite name="pytest" errors="0" failures="0" skipped="0" tests="16" time="20.327" timestamp="2026-03-01T07:59:19.004125+00:00" hostname="agent-env-71dc92e0-9485-43f7-a7be-cdb98978c27c"><testcase classname="backend.tests.test_tax_planning_scan.TestTaxPlanningAutoDeductionsCRUD" name="test_01_clear_existing_auto_deductions" time="1.054" /><testcase classname="backend.tests.test_tax_planning_scan.TestTaxPlanningAutoDeductionsCRUD" name="test_02_bulk_scan_first_run" time="0.148" /><testcase classname="backend.tests.test_tax_planning_scan.TestTaxPlanningAutoDeductionsCRUD" name="test_03_bulk_scan_idempotent" time="0.115" /><testcase classname="backend.tests.test_tax_planning_scan.TestTaxPlanningAutoDeductionsCRUD" name="test_04_get_auto_deductions" time="0.099" /><testcase classname="backend.tests.test_tax_planning_scan.TestTaxPlanningAutoDeductionsCRUD" name="test_05_update_auto_deduction" time="0.234" /><testcase classname="backend.tests.test_tax_planning_scan.TestTaxPlanningAutoDeductionsCRUD" name="test_06_update_nonexistent_deduction" time="0.097" /><testcase classname="backend.tests.test_tax_planning_scan.TestTaxPlanningAutoDeductionsCRUD" name="test_07_delete_auto_deduction" time="0.385" /><testcase classname="backend.tests.test_tax_planning_scan.TestTaxPlanningAutoDeductionsCRUD" name="test_08_delete_nonexistent_deduction" time="0.097" /><testcase classname="backend.tests.test_tax_planning_scan.TestTaxPlanningDifferentFY" name="test_scan_different_fy" time="0.444" /><testcase classname="backend.tests.test_tax_planning_scan.TestTaxPlanningDifferentFY" name="test_get_deductions_default_fy" time="0.107" /><testcase classname="backend.tests.test_tax_planning_scan.TestVisorAIRegression" name="test_01_visor_ai_basic_chat" time="12.940" /><testcase classname="backend.tests.test_tax_planning_scan.TestVisorAIRegression" name="test_02_visor_ai_sip_calculator" time="2.250" /><testcase classname="backend.tests.test_tax_planning_scan.TestVisorAIRegression" name="test_03_visor_ai_finance_guardrail" time="1.956" /><testcase classname="backend.tests.test_tax_planning_scan.TestVisorAIRegression" name="test_04_visor_ai_history_get" time="0.111" /><testcase classname="backend.tests.test_tax_planning_scan.TestTaxPlanningAuthRequired" name="test_scan_without_auth" time="0.098" /><testcase classname="backend.tests.test_tax_planning_scan.TestTaxPlanningAuthRequired" name="test_get_deductions_without_auth" time="0.104" /></testsuite></testsuites>