<?xml version="1.0" encoding="utf-8"?><testsuites name="pytest tests"><testsuite name="pytest" errors="0" failures="0" skipped="0" tests="25" time="5.516" timestamp="2026-02-17T05:51:46.356719+00:00" hostname="agent-env-c72ec4d2-8ff1-47ac-9e15-1ffd3903e5a2"><testcase classname="backend.tests.test_market_data_invest_screen.TestMarketDataAPI" name="test_market_data_returns_list" time="0.204" /><testcase classname="backend.tests.test_market_data_invest_screen.TestMarketDataAPI" name="test_market_data_returns_5_items" time="0.104" /><testcase classname="backend.tests.test_market_data_invest_screen.TestMarketDataAPI" name="test_market_data_has_required_keys" time="0.124" /><testcase classname="backend.tests.test_market_data_invest_screen.TestMarketDataAPI" name="test_market_data_keys_correct" time="0.140" /><testcase classname="backend.tests.test_market_data_invest_screen.TestMarketDataAPI" name="test_market_data_nifty_50" time="0.106" /><testcase classname="backend.tests.test_market_data_invest_screen.TestMarketDataAPI" name="test_market_data_sensex" time="0.106" /><testcase classname="backend.tests.test_market_data_invest_screen.TestMarketDataAPI" name="test_market_data_nifty_bank" time="0.147" /><testcase classname="backend.tests.test_market_data_invest_screen.TestMarketDataAPI" name="test_market_data_gold" time="0.122" /><testcase classname="backend.tests.test_market_data_invest_screen.TestMarketDataAPI" name="test_market_data_silver" time="0.235" /><testcase classname="backend.tests.test_market_data_invest_screen.TestMarketDataAPI" name="test_market_data_no_auth_required" time="0.125" /><testcase classname="backend.tests.test_market_data_invest_screen.TestMarketDataRefreshAPI" name="test_refresh_requires_auth" time="0.137" /><testcase classname="backend.tests.test_market_data_invest_screen.TestMarketDataRefreshAPI" name="test_refresh_with_auth_succeeds" time="0.474" /><testcase classname="backend.tests.test_market_data_invest_screen.TestMarketDataRefreshAPI" name="test_refresh_with_invalid_token" time="0.104" /><testcase classname="backend.tests.test_market_data_invest_screen.TestDashboardStatsForInvestScreen" name="test_dashboard_stats_requires_auth" time="0.145" /><testcase classname="backend.tests.test_market_data_invest_screen.TestDashboardStatsForInvestScreen" name="test_dashboard_stats_returns_invest_breakdown" time="0.504" /><testcase classname="backend.tests.test_market_data_invest_screen.TestDashboardStatsForInvestScreen" name="test_dashboard_stats_total_investments" time="0.306" /><testcase classname="backend.tests.test_market_data_invest_screen.TestDashboardStatsForInvestScreen" name="test_invest_breakdown_matches_total" time="0.139" /><testcase classname="backend.tests.test_market_data_invest_screen.TestDashboardStatsForInvestScreen" name="test_dashboard_stats_has_demo_data" time="0.139" /><testcase classname="backend.tests.test_market_data_invest_screen.TestDashboardStatsForInvestScreen" name="test_dashboard_includes_category_breakdown" time="0.118" /><testcase classname="backend.tests.test_market_data_invest_screen.TestGoalsAPI" name="test_goals_list" time="0.443" /><testcase classname="backend.tests.test_market_data_invest_screen.TestGoalsAPI" name="test_goals_requires_auth" time="0.105" /><testcase classname="backend.tests.test_market_data_invest_screen.TestGoalsAPI" name="test_create_goal" time="0.361" /><testcase classname="backend.tests.test_market_data_invest_screen.TestGoalsAPI" name="test_update_goal" time="0.341" /><testcase classname="backend.tests.test_market_data_invest_screen.TestGoalsAPI" name="test_delete_goal" time="0.318" /><testcase classname="backend.tests.test_market_data_invest_screen.TestAuthLogin" name="test_login_demo_user" time="0.341" /></testsuite></testsuites>