<?xml version="1.0" encoding="utf-8"?><testsuites name="pytest tests"><testsuite name="pytest" errors="0" failures="0" skipped="0" tests="14" time="6.331" timestamp="2026-02-15T15:04:41.583575+00:00" hostname="agent-env-de07e986-d754-4be9-95bd-8c67f6f45af0"><testcase classname="tests.test_transactions_redesign.TestTransactionSearch" name="test_search_by_description" time="0.537" /><testcase classname="tests.test_transactions_redesign.TestTransactionSearch" name="test_search_by_category" time="0.468" /><testcase classname="tests.test_transactions_redesign.TestTransactionSearch" name="test_search_empty_query" time="0.414" /><testcase classname="tests.test_transactions_redesign.TestTransactionSearch" name="test_search_no_results" time="0.415" /><testcase classname="tests.test_transactions_redesign.TestTransactionCategoryFilter" name="test_filter_by_category" time="0.411" /><testcase classname="tests.test_transactions_redesign.TestTransactionCategoryFilter" name="test_filter_by_multiple_categories_combined_with_type" time="0.436" /><testcase classname="tests.test_transactions_redesign.TestTransactionCombinedFilters" name="test_type_category_search_combined" time="0.425" /><testcase classname="tests.test_transactions_redesign.TestRecurringTransactions" name="test_create_recurring_transaction" time="0.676" /><testcase classname="tests.test_transactions_redesign.TestRecurringTransactions" name="test_create_recurring_transaction_without_frequency" time="0.406" /><testcase classname="tests.test_transactions_redesign.TestRecurringTransactions" name="test_create_non_recurring_transaction" time="0.383" /><testcase classname="tests.test_transactions_redesign.TestSplitTransactions" name="test_create_split_transaction" time="0.411" /><testcase classname="tests.test_transactions_redesign.TestSplitTransactions" name="test_create_non_split_transaction" time="0.477" /><testcase classname="tests.test_transactions_redesign.TestSplitTransactions" name="test_create_recurring_and_split_transaction" time="0.397" /><testcase classname="tests.test_transactions_redesign.TestTransactionResponseFields" name="test_get_transactions_includes_new_fields" time="0.395" /></testsuite></testsuites>