<?xml version="1.0" encoding="utf-8"?><testsuites name="pytest tests"><testsuite name="pytest" errors="0" failures="0" skipped="0" tests="10" time="5.883" timestamp="2026-02-17T04:19:23.643125+00:00" hostname="agent-env-bffb076f-d237-4a13-a2e8-9c48caf85ee2"><testcase classname="backend.tests.test_transaction_edit_bug.TestTransactionPutEndpoint" name="test_put_endpoint_exists" time="0.582" /><testcase classname="backend.tests.test_transaction_edit_bug.TestTransactionPutEndpoint" name="test_update_amount" time="0.512" /><testcase classname="backend.tests.test_transaction_edit_bug.TestTransactionPutEndpoint" name="test_update_description" time="0.649" /><testcase classname="backend.tests.test_transaction_edit_bug.TestTransactionPutEndpoint" name="test_update_date" time="0.584" /><testcase classname="backend.tests.test_transaction_edit_bug.TestTransactionPutEndpoint" name="test_update_category" time="0.548" /><testcase classname="backend.tests.test_transaction_edit_bug.TestTransactionPutEndpoint" name="test_update_multiple_fields" time="0.590" /><testcase classname="backend.tests.test_transaction_edit_bug.TestTransactionPutEndpoint" name="test_update_nonexistent_transaction" time="0.419" /><testcase classname="backend.tests.test_transaction_edit_bug.TestTransactionPutEndpoint" name="test_update_type_change" time="0.494" /><testcase classname="backend.tests.test_transaction_edit_bug.TestTransactionPutEndpoint" name="test_update_optional_fields" time="0.560" /><testcase classname="backend.tests.test_transaction_edit_bug.TestDeleteStillWorks" name="test_delete_after_update" time="0.829" /></testsuite></testsuites>