<?xml version="1.0" encoding="utf-8"?><testsuites name="pytest tests"><testsuite name="pytest" errors="0" failures="0" skipped="0" tests="15" time="19.117" timestamp="2026-02-21T05:48:30.762774+00:00" hostname="agent-env-5413dbe5-40f7-4257-b0b5-62f8a40b8a40"><testcase classname="backend.tests.test_full_regression.TestAuthRegister" name="test_register_new_user" time="0.459" /><testcase classname="backend.tests.test_full_regression.TestAuthRegister" name="test_register_duplicate_email" time="0.106" /><testcase classname="backend.tests.test_full_regression.TestAuthRegister" name="test_register_invalid_pan" time="0.112" /><testcase classname="backend.tests.test_full_regression.TestAuthRegister" name="test_register_invalid_aadhaar" time="0.128" /><testcase classname="backend.tests.test_full_regression.TestAIChatModule" name="test_ai_chat_basic" time="4.241" /><testcase classname="backend.tests.test_full_regression.TestAIChatModule" name="test_ai_chat_with_screen_context" time="9.738" /><testcase classname="backend.tests.test_full_regression.TestAIChatModule" name="test_ai_history" time="0.132" /><testcase classname="backend.tests.test_full_regression.TestAIChatModule" name="test_ai_chat_without_auth" time="0.151" /><testcase classname="backend.tests.test_full_regression.TestUserTaxDeductionsModule" name="test_get_user_tax_deductions" time="0.104" /><testcase classname="backend.tests.test_full_regression.TestUserTaxDeductionsModule" name="test_user_tax_deduction_crud" time="0.612" /><testcase classname="backend.tests.test_full_regression.TestUserTaxDeductionsModule" name="test_duplicate_deduction_id_returns_400" time="0.332" /><testcase classname="backend.tests.test_full_regression.TestUserTaxDeductionsModule" name="test_update_nonexistent_returns_404" time="0.143" /><testcase classname="backend.tests.test_full_regression.TestAutoTaxDeductionsModule" name="test_get_auto_tax_deductions" time="0.106" /><testcase classname="backend.tests.test_full_regression.TestAutoTaxDeductionsModule" name="test_get_auto_tax_deductions_with_fy" time="0.110" /><testcase classname="backend.tests.test_full_regression.TestAllEndpointsExist" name="test_all_required_endpoints" time="2.577" /></testsuite></testsuites>