<?xml version="1.0" encoding="utf-8"?><testsuites name="pytest tests"><testsuite name="pytest" errors="0" failures="0" skipped="0" tests="9" time="4.082" timestamp="2026-03-19T14:20:09.982686+00:00" hostname="agent-env-4acdaf5c-934d-4415-a614-7d5f88b2a34f"><testcase classname="backend.tests.test_groww_statement_parser.TestGrowwStatementParser" name="test_parse_statement_preview" time="0.633" /><testcase classname="backend.tests.test_groww_statement_parser.TestGrowwStatementParser" name="test_upload_statement" time="0.508" /><testcase classname="backend.tests.test_groww_statement_parser.TestGrowwStatementParser" name="test_upload_statement_duplicate_handling" time="0.757" /><testcase classname="backend.tests.test_groww_statement_parser.TestGrowwStatementParser" name="test_holdings_live_includes_groww" time="0.481" /><testcase classname="backend.tests.test_groww_statement_parser.TestGrowwStatementParser" name="test_portfolio_overview_correct_category" time="0.428" /><testcase classname="backend.tests.test_groww_statement_parser.TestGrowwStatementParser" name="test_investment_summary_xirr" time="0.508" /><testcase classname="backend.tests.test_groww_statement_parser.TestGrowwStatementParser" name="test_verify_exact_groww_holdings" time="0.430" /><testcase classname="backend.tests.test_groww_statement_parser.TestAuthRequired" name="test_upload_requires_auth" time="0.122" /><testcase classname="backend.tests.test_groww_statement_parser.TestAuthRequired" name="test_preview_requires_auth" time="0.137" /></testsuite></testsuites>