<?xml version="1.0" encoding="utf-8"?><testsuites name="pytest tests"><testsuite name="pytest" errors="1" failures="0" skipped="0" tests="1" time="0.187" timestamp="2026-02-15T05:16:46.628966+00:00" hostname="agent-env-de07e986-d754-4be9-95bd-8c67f6f45af0"><testcase classname="" name="tests.test_visor_apis" time="0.000"><error message="collection failure">tests/test_visor_apis.py:10: in &lt;module&gt;
    BASE_URL = os.environ.get('EXPO_PUBLIC_BACKEND_URL').rstrip('/')
               ^^^^^^^^^^^^^^^^^^^^^^^^^^^^^^^^^^^^^^^^^^^^^^^^
E   AttributeError: 'NoneType' object has no attribute 'rstrip'</error></testcase></testsuite></testsuites>