<?xml version="1.0" encoding="utf-8"?><testsuites name="pytest tests"><testsuite name="pytest" errors="0" failures="0" skipped="0" tests="18" time="9.033" timestamp="2026-02-17T09:36:16.270113+00:00" hostname="agent-env-94ad106b-1ff7-49b8-b71f-939a514cc086"><testcase classname="backend.tests.test_tax_rebalancing.TestTaxSummaryAPI" name="test_tax_summary_returns_200" time="0.802" /><testcase classname="backend.tests.test_tax_rebalancing.TestTaxSummaryAPI" name="test_tax_summary_has_sections" time="0.509" /><testcase classname="backend.tests.test_tax_rebalancing.TestTaxSummaryAPI" name="test_tax_summary_has_fy" time="0.474" /><testcase classname="backend.tests.test_tax_rebalancing.TestTaxSummaryAPI" name="test_tax_summary_has_tax_saved_estimates" time="0.426" /><testcase classname="backend.tests.test_tax_rebalancing.TestTaxSummaryAPI" name="test_tax_summary_section_80c_structure" time="0.689" /><testcase classname="backend.tests.test_tax_rebalancing.TestTaxSummaryAPI" name="test_tax_summary_section_80d_exists" time="0.503" /><testcase classname="backend.tests.test_tax_rebalancing.TestTaxSummaryAPI" name="test_tax_summary_ppf_mapped_to_80c" time="0.510" /><testcase classname="backend.tests.test_tax_rebalancing.TestTaxSummaryAPI" name="test_tax_summary_requires_auth" time="0.486" /><testcase classname="backend.tests.test_tax_rebalancing.TestPortfolioRebalancingAPI" name="test_rebalancing_returns_200" time="0.482" /><testcase classname="backend.tests.test_tax_rebalancing.TestPortfolioRebalancingAPI" name="test_rebalancing_has_profile" time="0.474" /><testcase classname="backend.tests.test_tax_rebalancing.TestPortfolioRebalancingAPI" name="test_rebalancing_has_strategy_name" time="0.511" /><testcase classname="backend.tests.test_tax_rebalancing.TestPortfolioRebalancingAPI" name="test_rebalancing_has_actual_allocation" time="0.431" /><testcase classname="backend.tests.test_tax_rebalancing.TestPortfolioRebalancingAPI" name="test_rebalancing_has_target_allocation" time="0.432" /><testcase classname="backend.tests.test_tax_rebalancing.TestPortfolioRebalancingAPI" name="test_rebalancing_has_actions" time="0.434" /><testcase classname="backend.tests.test_tax_rebalancing.TestPortfolioRebalancingAPI" name="test_rebalancing_actions_have_correct_suggestions" time="0.416" /><testcase classname="backend.tests.test_tax_rebalancing.TestPortfolioRebalancingAPI" name="test_rebalancing_has_total_invested" time="0.454" /><testcase classname="backend.tests.test_tax_rebalancing.TestPortfolioRebalancingAPI" name="test_rebalancing_requires_auth" time="0.447" /><testcase classname="backend.tests.test_tax_rebalancing.TestPortfolioRebalancingAPI" name="test_rebalancing_moderate_profile_allocations" time="0.479" /></testsuite></testsuites>